2023-10-16 Monday 18:15:54 root:INFO:đây là info
2023-10-16 Monday 18:15:54 root:WARNING:đây là warning
2023-10-16 Monday 18:15:54 root:ERROR:đây là error
2023-10-16 Monday 18:15:54 root:CRITICAL:đây là critical
2023-10-16 Monday 18:15:55 seleniumwire.handler:INFO:Capturing request: https://sn.emso.vn/login
2023-10-16 Monday 18:15:55 seleniumwire.handler:INFO:Capturing response: https://sn.emso.vn/login 200 
2023-10-16 Monday 18:15:55 seleniumwire.handler:INFO:Capturing request: https://sn.emso.vn/assets/fontawesome/css/all.css
2023-10-16 Monday 18:15:55 seleniumwire.handler:INFO:Capturing request: https://sn.emso.vn/static/js/14.a6fd0d5b.chunk.js
2023-10-16 Monday 18:15:55 seleniumwire.handler:INFO:Capturing request: https://sn.emso.vn/static/css/14.d47ca17f.chunk.css
2023-10-16 Monday 18:15:55 seleniumwire.handler:INFO:Capturing request: https://sn.emso.vn/static/css/main.0c195657.chunk.css
2023-10-16 Monday 18:15:55 seleniumwire.handler:INFO:Capturing request: https://sn.emso.vn/static/js/main.87c43d4a.chunk.js
2023-10-16 Monday 18:15:55 seleniumwire.handler:INFO:Capturing response: https://sn.emso.vn/static/css/14.d47ca17f.chunk.css 200 
2023-10-16 Monday 18:15:55 seleniumwire.handler:INFO:Capturing response: https://sn.emso.vn/static/css/main.0c195657.chunk.css 200 
2023-10-16 Monday 18:15:55 seleniumwire.handler:INFO:Capturing response: https://sn.emso.vn/assets/fontawesome/css/all.css 200 
2023-10-16 Monday 18:15:56 seleniumwire.handler:INFO:Capturing request: https://unpkg.com/@google/model-viewer/dist/model-viewer.min.js
2023-10-16 Monday 18:15:56 seleniumwire.handler:INFO:Capturing request: https://unpkg.com/grapesjs/dist/css/grapes.min.css
2023-10-16 Monday 18:15:56 seleniumwire.handler:INFO:Capturing request: https://cdn.plyr.io/3.7.3/plyr.css
2023-10-16 Monday 18:15:56 seleniumwire.handler:INFO:Capturing request: https://cdn.plyr.io/3.7.3/plyr.polyfilled.js
2023-10-16 Monday 18:15:56 seleniumwire.handler:INFO:Capturing request: https://fonts.googleapis.com/css?family=Roboto:300,400,500,600,700&display=swap
2023-10-16 Monday 18:15:56 seleniumwire.handler:INFO:Capturing response: https://cdn.plyr.io/3.7.3/plyr.css 200 
2023-10-16 Monday 18:15:56 seleniumwire.handler:INFO:Capturing response: https://unpkg.com/grapesjs/dist/css/grapes.min.css 302 
2023-10-16 Monday 18:15:56 seleniumwire.handler:INFO:Capturing response: https://cdn.plyr.io/3.7.3/plyr.polyfilled.js 200 
2023-10-16 Monday 18:15:56 seleniumwire.handler:INFO:Capturing response: https://unpkg.com/@google/model-viewer/dist/model-viewer.min.js 302 
2023-10-16 Monday 18:15:56 seleniumwire.handler:INFO:Capturing response: https://fonts.googleapis.com/css?family=Roboto:300,400,500,600,700&display=swap 200 
2023-10-16 Monday 18:15:56 seleniumwire.handler:INFO:Capturing request: https://unpkg.com/grapesjs@0.21.7/dist/css/grapes.min.css
2023-10-16 Monday 18:15:56 seleniumwire.handler:INFO:Capturing request: https://unpkg.com/@google/model-viewer@3.3.0/dist/model-viewer.min.js
2023-10-16 Monday 18:15:56 seleniumwire.handler:INFO:Capturing response: https://unpkg.com/grapesjs@0.21.7/dist/css/grapes.min.css 200 
2023-10-16 Monday 18:15:56 seleniumwire.handler:INFO:Capturing response: https://unpkg.com/@google/model-viewer@3.3.0/dist/model-viewer.min.js 200 
2023-10-16 Monday 18:15:56 seleniumwire.handler:INFO:Capturing response: https://sn.emso.vn/static/js/main.87c43d4a.chunk.js 200 
2023-10-16 Monday 18:15:57 seleniumwire.handler:INFO:Capturing response: https://sn.emso.vn/static/js/14.a6fd0d5b.chunk.js 200 
2023-10-16 Monday 18:15:57 seleniumwire.handler:INFO:Capturing request: https://accounts.google.com/gsi/client
2023-10-16 Monday 18:15:57 seleniumwire.handler:INFO:Capturing response: https://accounts.google.com/gsi/client 200 
2023-10-16 Monday 18:15:57 seleniumwire.handler:INFO:Capturing request: https://sn.emso.vn/static/media/logoFull.b1da0db0.png
2023-10-16 Monday 18:15:57 seleniumwire.handler:INFO:Capturing request: https://fonts.gstatic.com/s/roboto/v30/KFOmCnqEu92Fr1Mu4mxK.woff2
2023-10-16 Monday 18:15:57 seleniumwire.handler:INFO:Capturing request: https://fonts.gstatic.com/s/roboto/v30/KFOlCnqEu92Fr1MmEU9fChc4EsA.woff2
2023-10-16 Monday 18:15:57 seleniumwire.handler:INFO:Capturing request: https://sn.emso.vn/assets/fontawesome/webfonts/fa-brands-400.woff2
2023-10-16 Monday 18:15:58 seleniumwire.handler:INFO:Capturing request: https://fonts.gstatic.com/s/roboto/v30/KFOlCnqEu92Fr1MmEU9fBBc4.woff2
2023-10-16 Monday 18:15:58 seleniumwire.handler:INFO:Capturing request: https://fonts.gstatic.com/s/roboto/v30/KFOlCnqEu92Fr1MmWUlfChc4EsA.woff2
2023-10-16 Monday 18:15:58 seleniumwire.handler:INFO:Capturing request: https://fonts.gstatic.com/s/roboto/v30/KFOlCnqEu92Fr1MmEU9fCxc4EsA.woff2
2023-10-16 Monday 18:15:58 seleniumwire.handler:INFO:Capturing request: https://fonts.gstatic.com/s/roboto/v30/KFOmCnqEu92Fr1Mu7WxKOzY.woff2
2023-10-16 Monday 18:15:58 seleniumwire.handler:INFO:Capturing request: https://fonts.gstatic.com/s/roboto/v30/KFOlCnqEu92Fr1MmWUlfBBc4.woff2
2023-10-16 Monday 18:15:58 seleniumwire.handler:INFO:Capturing request: https://fonts.gstatic.com/s/roboto/v30/KFOmCnqEu92Fr1Mu7GxKOzY.woff2
2023-10-16 Monday 18:15:58 seleniumwire.handler:INFO:Capturing request: https://fonts.gstatic.com/s/roboto/v30/KFOlCnqEu92Fr1MmWUlfCxc4EsA.woff2
2023-10-16 Monday 18:15:58 seleniumwire.handler:INFO:Capturing response: https://sn.emso.vn/static/media/logoFull.b1da0db0.png 200 
2023-10-16 Monday 18:15:58 seleniumwire.handler:INFO:Capturing response: https://sn.emso.vn/assets/fontawesome/webfonts/fa-brands-400.woff2 200 
2023-10-16 Monday 18:15:58 seleniumwire.handler:INFO:Capturing response: https://fonts.gstatic.com/s/roboto/v30/KFOlCnqEu92Fr1MmWUlfChc4EsA.woff2 200 
2023-10-16 Monday 18:15:58 seleniumwire.handler:INFO:Capturing response: https://fonts.gstatic.com/s/roboto/v30/KFOmCnqEu92Fr1Mu7WxKOzY.woff2 200 
2023-10-16 Monday 18:15:58 seleniumwire.handler:INFO:Capturing response: https://fonts.gstatic.com/s/roboto/v30/KFOmCnqEu92Fr1Mu4mxK.woff2 200 
2023-10-16 Monday 18:15:58 seleniumwire.handler:INFO:Capturing response: https://fonts.gstatic.com/s/roboto/v30/KFOlCnqEu92Fr1MmEU9fCxc4EsA.woff2 200 
2023-10-16 Monday 18:15:58 seleniumwire.handler:INFO:Capturing response: https://fonts.gstatic.com/s/roboto/v30/KFOlCnqEu92Fr1MmEU9fChc4EsA.woff2 200 
2023-10-16 Monday 18:15:58 seleniumwire.handler:INFO:Capturing response: https://fonts.gstatic.com/s/roboto/v30/KFOlCnqEu92Fr1MmEU9fBBc4.woff2 200 
2023-10-16 Monday 18:15:58 seleniumwire.handler:INFO:Capturing response: https://fonts.gstatic.com/s/roboto/v30/KFOlCnqEu92Fr1MmWUlfBBc4.woff2 200 
2023-10-16 Monday 18:15:58 seleniumwire.handler:INFO:Capturing response: https://fonts.gstatic.com/s/roboto/v30/KFOmCnqEu92Fr1Mu7GxKOzY.woff2 200 
2023-10-16 Monday 18:15:58 seleniumwire.handler:INFO:Capturing response: https://fonts.gstatic.com/s/roboto/v30/KFOlCnqEu92Fr1MmWUlfCxc4EsA.woff2 200 
2023-10-16 Monday 18:15:58 seleniumwire.handler:INFO:Capturing request: https://sn.emso.vn/favicon.svg
2023-10-16 Monday 18:15:58 seleniumwire.handler:INFO:Capturing response: https://sn.emso.vn/favicon.svg 200 
2023-10-16 Monday 18:15:58 seleniumwire.handler:INFO:Capturing request: https://content-autofill.googleapis.com/v1/pages/ChRDaHJvbWUvMTE4LjAuNTk5My43MBIgCXljdxAs971MEgUNeG8SGRIFDc5BTHohn2_A1LJmIDA=?alt=proto
2023-10-16 Monday 18:15:58 seleniumwire.handler:INFO:Capturing response: https://content-autofill.googleapis.com/v1/pages/ChRDaHJvbWUvMTE4LjAuNTk5My43MBIgCXljdxAs971MEgUNeG8SGRIFDc5BTHohn2_A1LJmIDA=?alt=proto 200 
2023-10-16 Monday 18:15:59 seleniumwire.handler:INFO:Capturing request: https://snapi.emso.asia/oauth/token
2023-10-16 Monday 18:16:00 seleniumwire.handler:INFO:Capturing response: https://snapi.emso.asia/oauth/token 200 
2023-10-16 Monday 18:16:00 seleniumwire.handler:INFO:Capturing request: https://snapi.emso.asia/api/v1/me
2023-10-16 Monday 18:16:00 seleniumwire.handler:INFO:Capturing response: https://snapi.emso.asia/api/v1/me 200 
2023-10-16 Monday 18:16:00 seleniumwire.handler:INFO:Capturing request: https://sn.emso.vn/
2023-10-16 Monday 18:16:00 seleniumwire.handler:INFO:Capturing response: https://sn.emso.vn/ 200 
2023-10-16 Monday 18:16:00 seleniumwire.handler:INFO:Capturing request: https://cdn.plyr.io/3.7.3/plyr.css
2023-10-16 Monday 18:16:00 seleniumwire.handler:INFO:Capturing request: https://unpkg.com/@google/model-viewer/dist/model-viewer.min.js
2023-10-16 Monday 18:16:00 seleniumwire.handler:INFO:Capturing request: https://fonts.googleapis.com/css?family=Roboto:300,400,500,600,700&display=swap
2023-10-16 Monday 18:16:00 seleniumwire.handler:INFO:Capturing request: https://unpkg.com/grapesjs/dist/css/grapes.min.css
2023-10-16 Monday 18:16:00 seleniumwire.handler:INFO:Capturing request: https://sn.emso.vn/assets/fontawesome/css/all.css
2023-10-16 Monday 18:16:00 seleniumwire.handler:INFO:Capturing request: https://sn.emso.vn/static/css/main.0c195657.chunk.css
2023-10-16 Monday 18:16:00 seleniumwire.handler:INFO:Capturing request: https://sn.emso.vn/static/css/14.d47ca17f.chunk.css
2023-10-16 Monday 18:16:01 seleniumwire.handler:INFO:Capturing response: https://cdn.plyr.io/3.7.3/plyr.css 200 
2023-10-16 Monday 18:16:01 seleniumwire.handler:INFO:Capturing response: https://unpkg.com/@google/model-viewer/dist/model-viewer.min.js 302 
2023-10-16 Monday 18:16:01 seleniumwire.handler:INFO:Capturing response: https://unpkg.com/grapesjs/dist/css/grapes.min.css 302 
2023-10-16 Monday 18:16:01 seleniumwire.handler:INFO:Capturing response: https://sn.emso.vn/assets/fontawesome/css/all.css 200 
2023-10-16 Monday 18:16:01 seleniumwire.handler:INFO:Capturing response: https://fonts.googleapis.com/css?family=Roboto:300,400,500,600,700&display=swap 200 
2023-10-16 Monday 18:16:01 seleniumwire.handler:INFO:Capturing request: https://unpkg.com/@google/model-viewer@3.3.0/dist/model-viewer.min.js
2023-10-16 Monday 18:16:01 seleniumwire.handler:INFO:Capturing request: https://unpkg.com/grapesjs@0.21.7/dist/css/grapes.min.css
2023-10-16 Monday 18:16:01 seleniumwire.handler:INFO:Capturing response: https://sn.emso.vn/static/css/main.0c195657.chunk.css 200 
2023-10-16 Monday 18:16:01 seleniumwire.handler:INFO:Capturing response: https://sn.emso.vn/static/css/14.d47ca17f.chunk.css 200 
2023-10-16 Monday 18:16:01 seleniumwire.handler:INFO:Capturing response: https://unpkg.com/grapesjs@0.21.7/dist/css/grapes.min.css 200 
2023-10-16 Monday 18:16:01 seleniumwire.handler:INFO:Capturing request: https://accounts.google.com/gsi/client
2023-10-16 Monday 18:16:01 seleniumwire.handler:INFO:Capturing request: https://sn.emso.vn/static/media/logoEmso.831a9179.png
2023-10-16 Monday 18:16:01 seleniumwire.handler:INFO:Capturing request: https://snapi.emso.asia/api/v1/me
2023-10-16 Monday 18:16:01 seleniumwire.handler:INFO:Capturing response: https://unpkg.com/@google/model-viewer@3.3.0/dist/model-viewer.min.js 200 
2023-10-16 Monday 18:16:01 seleniumwire.handler:INFO:Capturing response: https://snapi.emso.asia/api/v1/me 200 
2023-10-16 Monday 18:16:01 seleniumwire.handler:INFO:Capturing response: https://accounts.google.com/gsi/client 200 
2023-10-16 Monday 18:16:01 seleniumwire.handler:INFO:Capturing response: https://sn.emso.vn/static/media/logoEmso.831a9179.png 200 
2023-10-16 Monday 18:16:01 seleniumwire.handler:INFO:Capturing request: https://snapi.emso.asia/api/v1/account_settings
2023-10-16 Monday 18:16:01 seleniumwire.handler:INFO:Capturing request: https://snapi.emso.asia/api/v1/report_categories
2023-10-16 Monday 18:16:01 seleniumwire.handler:INFO:Capturing request: https://snapi.emso.asia/api/v1/pages?limit=10
2023-10-16 Monday 18:16:01 seleniumwire.handler:INFO:Capturing response: https://snapi.emso.asia/api/v1/account_settings 200 
2023-10-16 Monday 18:16:01 seleniumwire.handler:INFO:Capturing response: https://snapi.emso.asia/api/v1/report_categories 200 
2023-10-16 Monday 18:16:01 seleniumwire.handler:INFO:Capturing request: https://snapi.emso.asia/api/v1/account_settings
2023-10-16 Monday 18:16:01 seleniumwire.handler:INFO:Capturing request: https://sn.emso.vn/static/media/Noti.5ec382a2.svg
2023-10-16 Monday 18:16:01 seleniumwire.handler:INFO:Capturing request: https://sn.emso.vn/static/media/LogoEmso.79893ace.svg
2023-10-16 Monday 18:16:01 seleniumwire.handler:INFO:Capturing request: https://sn.emso.vn/assets/fontawesome/webfonts/fa-solid-900.woff2
2023-10-16 Monday 18:16:01 seleniumwire.handler:INFO:Capturing request: https://sn.emso.vn/assets/fontawesome/webfonts/fa-regular-400.woff2
2023-10-16 Monday 18:16:01 seleniumwire.handler:INFO:Capturing request: https://content-autofill.googleapis.com/v1/pages/ChRDaHJvbWUvMTE4LjAuNTk5My43MBIZCRHCFpSSYfI5EgUN-QXmiyFJ7szH-JcdKg==?alt=proto
2023-10-16 Monday 18:16:01 seleniumwire.handler:INFO:Capturing request: https://snapi.emso.asia/api/v1/report_categories
2023-10-16 Monday 18:16:01 seleniumwire.handler:INFO:Capturing request: https://snapi.emso.asia/api/v1/markers?timeline[]=notifications
2023-10-16 Monday 18:16:02 seleniumwire.handler:INFO:Capturing request: https://snapi.emso.asia/api/v1/notifications?limit=20
2023-10-16 Monday 18:16:02 seleniumwire.handler:INFO:Capturing response: https://snapi.emso.asia/api/v1/account_settings 200 
2023-10-16 Monday 18:16:02 seleniumwire.handler:INFO:Capturing response: https://snapi.emso.asia/api/v1/report_categories 200 
2023-10-16 Monday 18:16:02 seleniumwire.handler:INFO:Capturing response: https://snapi.emso.asia/api/v1/pages?limit=10 200 
2023-10-16 Monday 18:16:02 seleniumwire.handler:INFO:Capturing response: https://sn.emso.vn/static/media/Noti.5ec382a2.svg 200 
2023-10-16 Monday 18:16:02 seleniumwire.handler:INFO:Capturing request: https://snapi.emso.asia/api/v1/accounts/111169896815147328/friendships?limit=9
2023-10-16 Monday 18:16:02 seleniumwire.handler:INFO:Capturing request: wss://comment-ws.emso.vn/api/v1/streaming?access_token=bf_6O6wGAzH0p-SU9pYqy8FqAcQC_qnUP52sxDA-XNA
2023-10-16 Monday 18:16:02 seleniumwire.handler:INFO:Capturing response: https://content-autofill.googleapis.com/v1/pages/ChRDaHJvbWUvMTE4LjAuNTk5My43MBIZCRHCFpSSYfI5EgUN-QXmiyFJ7szH-JcdKg==?alt=proto 200 
2023-10-16 Monday 18:16:02 seleniumwire.handler:INFO:Capturing response: https://sn.emso.vn/static/media/LogoEmso.79893ace.svg 200 
2023-10-16 Monday 18:16:02 seleniumwire.handler:INFO:Capturing response: https://snapi.emso.asia/api/v1/markers?timeline[]=notifications 200 
2023-10-16 Monday 18:16:02 seleniumwire.handler:INFO:Capturing response: https://comment-ws.emso.vn/api/v1/streaming?access_token=bf_6O6wGAzH0p-SU9pYqy8FqAcQC_qnUP52sxDA-XNA 101 Switching Protocols
2023-10-16 Monday 18:16:02 seleniumwire.server:INFO:Streaming WebSocket messages between 127.0.0.1:53762 and comment-ws.emso.vn:443
2023-10-16 Monday 18:16:02 seleniumwire.handler:INFO:Capturing response: https://snapi.emso.asia/api/v1/accounts/111169896815147328/friendships?limit=9 200 
2023-10-16 Monday 18:16:02 seleniumwire.handler:INFO:Capturing response: https://sn.emso.vn/assets/fontawesome/webfonts/fa-regular-400.woff2 200 
2023-10-16 Monday 18:16:02 seleniumwire.handler:INFO:Capturing response: https://sn.emso.vn/assets/fontawesome/webfonts/fa-solid-900.woff2 200 
2023-10-16 Monday 18:16:02 seleniumwire.handler:INFO:Capturing response: https://snapi.emso.asia/api/v1/notifications?limit=20 200 
2023-10-16 Monday 18:16:02 seleniumwire.handler:INFO:Capturing request: https://s3-hn-2.cloud.cmctelecom.vn/sn-web/images/frame/y%C3%AAu%20th%C6%B0%C6%A1ng%20vi%E1%BB%87t%20nam.png
2023-10-16 Monday 18:16:03 seleniumwire.handler:INFO:Capturing request: https://s3-hn-2.cloud.cmctelecom.vn/sn-web/uploads/menu/IconMenu.png
2023-10-16 Monday 18:16:03 seleniumwire.handler:INFO:Capturing request: wss://dev-chat.emso.vn/websocket
2023-10-16 Monday 18:16:03 seleniumwire.handler:INFO:Capturing response: https://s3-hn-2.cloud.cmctelecom.vn/sn-web/images/frame/y%C3%AAu%20th%C6%B0%C6%A1ng%20vi%E1%BB%87t%20nam.png 200 OK
2023-10-16 Monday 18:16:03 seleniumwire.handler:INFO:Capturing response: https://s3-hn-2.cloud.cmctelecom.vn/sn-web/uploads/menu/IconMenu.png 200 OK
2023-10-16 Monday 18:16:03 seleniumwire.handler:INFO:Capturing response: https://dev-chat.emso.vn/websocket 101 Switching Protocols
2023-10-16 Monday 18:16:03 seleniumwire.server:INFO:Streaming WebSocket messages between 127.0.0.1:53776 and dev-chat.emso.vn:443
2023-10-16 Monday 18:16:03 seleniumwire.handler:INFO:Capturing request: https://dev-chat.emso.vn/api/v1/users.info?userId=111169896815147328
2023-10-16 Monday 18:16:03 seleniumwire.handler:INFO:Capturing request: https://dev-chat.emso.vn/api/v1/method.call/subscriptions%3Aget
2023-10-16 Monday 18:16:03 seleniumwire.handler:INFO:Capturing request: https://media.emso.vn/sn/menuglobal.png
2023-10-16 Monday 18:16:03 seleniumwire.handler:INFO:Capturing request: https://notification-api.emso.vn/v1/widgets/session/initialize
2023-10-16 Monday 18:16:03 seleniumwire.handler:INFO:Capturing response: https://dev-chat.emso.vn/api/v1/method.call/subscriptions%3Aget 200 OK
2023-10-16 Monday 18:16:03 seleniumwire.handler:INFO:Capturing request: https://snapi.emso.asia/system/media_attachments/files/111/242/712/890/820/252/original/b16bb82c3d093534.jpeg
2023-10-16 Monday 18:16:03 seleniumwire.handler:INFO:Capturing request: https://dev-chat.emso.vn/api/v1/method.call/subscriptionsPinned%3Aget
2023-10-16 Monday 18:16:03 seleniumwire.handler:INFO:Capturing response: https://media.emso.vn/sn/menuglobal.png 200 
2023-10-16 Monday 18:16:03 seleniumwire.handler:INFO:Capturing response: https://dev-chat.emso.vn/api/v1/method.call/subscriptionsPinned%3Aget 200 OK
2023-10-16 Monday 18:16:03 seleniumwire.handler:INFO:Capturing response: https://notification-api.emso.vn/v1/widgets/session/initialize 201 
2023-10-16 Monday 18:16:03 seleniumwire.handler:INFO:Capturing request: https://dev-chat.emso.vn/api/v1/method.call/subscriptions%3Aget
2023-10-16 Monday 18:16:03 seleniumwire.handler:INFO:Capturing response: https://snapi.emso.asia/system/media_attachments/files/111/242/712/890/820/252/original/b16bb82c3d093534.jpeg 200 
2023-10-16 Monday 18:16:03 seleniumwire.handler:INFO:Capturing response: https://dev-chat.emso.vn/api/v1/method.call/subscriptions%3Aget 200 OK
2023-10-16 Monday 18:16:03 seleniumwire.handler:INFO:Capturing request: https://sn.emso.vn/static/js/46.d78ab803.chunk.js
2023-10-16 Monday 18:16:03 seleniumwire.handler:INFO:Capturing response: https://sn.emso.vn/static/js/46.d78ab803.chunk.js 200 
2023-10-16 Monday 18:16:03 seleniumwire.handler:INFO:Capturing request: https://notification-api.emso.vn/v1/widgets/notifications/unseen
2023-10-16 Monday 18:16:03 seleniumwire.handler:INFO:Capturing request: https://dev-chat.emso.vn/api/v1/me
2023-10-16 Monday 18:16:03 seleniumwire.handler:INFO:Capturing request: https://dev-chat.emso.vn/api/v1/groups.listAll?limit=3
2023-10-16 Monday 18:16:03 seleniumwire.handler:INFO:Capturing response: https://dev-chat.emso.vn/api/v1/me 200 OK
2023-10-16 Monday 18:16:03 seleniumwire.handler:INFO:Capturing response: https://dev-chat.emso.vn/api/v1/groups.listAll?limit=3 200 OK
2023-10-16 Monday 18:16:03 seleniumwire.handler:INFO:Capturing response: https://notification-api.emso.vn/v1/widgets/notifications/unseen 200 
2023-10-16 Monday 18:16:03 seleniumwire.handler:INFO:Capturing request: https://snapi.emso.asia/system/media_attachments/files/111/185/611/106/466/746/original/22f2a2367ce10b10.jpeg
2023-10-16 Monday 18:16:03 seleniumwire.handler:INFO:Capturing request: https://snapi.emso.asia/avatars/original/missing.png
2023-10-16 Monday 18:16:03 seleniumwire.handler:INFO:Capturing request: https://notification-api.emso.vn/v1/widgets/notifications/unseen
2023-10-16 Monday 18:16:03 seleniumwire.handler:INFO:Capturing response: https://snapi.emso.asia/avatars/original/missing.png 200 
2023-10-16 Monday 18:16:03 seleniumwire.handler:INFO:Capturing response: https://notification-api.emso.vn/v1/widgets/notifications/unseen 200 
2023-10-16 Monday 18:16:03 seleniumwire.handler:INFO:Capturing request: wss://notification-ws.emso.vn/socket.io/?token=eyJhbGciOiJIUzI1NiIsInR5cCI6IkpXVCJ9.eyJfaWQiOiI2NTFiYzMxOTRhNmNjZjQ3NTIzZDAwNTYiLCJvcmdhbml6YXRpb25JZCI6IjYzMzcxZWZhZTFjYTVkMzkxZTIxNGZiMiIsImVudmlyb25tZW50SWQiOiI2MzM3MWVmYWUxY2E1ZDM5MWUyMTRmYjgiLCJzdWJzY3JpYmVySWQiOiIxMTExNjk4OTY4MTUxNDczMjgiLCJvcmdhbml6YXRpb25BZG1pbklkIjoiNjMzNzFlZjZlMWNhNWQzOTFlMjE0ZmE5IiwiaWF0IjoxNjk3NDU0OTYzLCJleHAiOjE2OTg3NTA5NjMsImF1ZCI6IndpZGdldF91c2VyIiwiaXNzIjoibm92dV9hcGkifQ.KZ_y8zOj0U702U1H0la2epSmQRUcGF2VkrzJpGpJp4Y&EIO=3&transport=websocket
2023-10-16 Monday 18:16:03 seleniumwire.handler:INFO:Capturing request: https://snapi.emso.asia/api/v1/top_projects?limit=2
2023-10-16 Monday 18:16:04 seleniumwire.handler:INFO:Capturing request: https://snapi.emso.asia/api/v1/page_invitation_follows?limit=1
2023-10-16 Monday 18:16:04 seleniumwire.handler:INFO:Capturing response: https://notification-ws.emso.vn/socket.io/?token=eyJhbGciOiJIUzI1NiIsInR5cCI6IkpXVCJ9.eyJfaWQiOiI2NTFiYzMxOTRhNmNjZjQ3NTIzZDAwNTYiLCJvcmdhbml6YXRpb25JZCI6IjYzMzcxZWZhZTFjYTVkMzkxZTIxNGZiMiIsImVudmlyb25tZW50SWQiOiI2MzM3MWVmYWUxY2E1ZDM5MWUyMTRmYjgiLCJzdWJzY3JpYmVySWQiOiIxMTExNjk4OTY4MTUxNDczMjgiLCJvcmdhbml6YXRpb25BZG1pbklkIjoiNjMzNzFlZjZlMWNhNWQzOTFlMjE0ZmE5IiwiaWF0IjoxNjk3NDU0OTYzLCJleHAiOjE2OTg3NTA5NjMsImF1ZCI6IndpZGdldF91c2VyIiwiaXNzIjoibm92dV9hcGkifQ.KZ_y8zOj0U702U1H0la2epSmQRUcGF2VkrzJpGpJp4Y&EIO=3&transport=websocket 101 Switching Protocols
2023-10-16 Monday 18:16:04 seleniumwire.server:INFO:Streaming WebSocket messages between 127.0.0.1:53785 and notification-ws.emso.vn:443
2023-10-16 Monday 18:16:04 seleniumwire.handler:INFO:Capturing request: https://snapi.emso.asia/api/v1/group_invitations
2023-10-16 Monday 18:16:04 seleniumwire.handler:INFO:Capturing request: https://snapi.emso.asia/api/v1/event_invitations
2023-10-16 Monday 18:16:04 seleniumwire.handler:INFO:Capturing request: https://snapi.emso.asia/api/v1/page_invitations
2023-10-16 Monday 18:16:04 seleniumwire.handler:INFO:Capturing request: https://snapi.emso.asia/api/v1/event_invitation_hosts
2023-10-16 Monday 18:16:04 seleniumwire.handler:INFO:Capturing response: https://dev-chat.emso.vn/api/v1/users.info?userId=111169896815147328 401 Unauthorized
2023-10-16 Monday 18:16:04 seleniumwire.handler:INFO:Capturing response: https://snapi.emso.asia/system/media_attachments/files/111/185/611/106/466/746/original/22f2a2367ce10b10.jpeg 200 
2023-10-16 Monday 18:16:04 seleniumwire.handler:INFO:Capturing request: https://snapi.emso.asia/api/v1/friendship_requests?limit=1
2023-10-16 Monday 18:16:04 seleniumwire.handler:INFO:Capturing response: https://snapi.emso.asia/api/v1/event_invitations 200 
2023-10-16 Monday 18:16:04 seleniumwire.handler:INFO:Capturing response: https://snapi.emso.asia/api/v1/group_invitations 200 
2023-10-16 Monday 18:16:04 seleniumwire.handler:INFO:Capturing response: https://snapi.emso.asia/api/v1/event_invitation_hosts 200 
2023-10-16 Monday 18:16:04 seleniumwire.handler:INFO:Capturing response: https://snapi.emso.asia/api/v1/page_invitation_follows?limit=1 200 
2023-10-16 Monday 18:16:04 seleniumwire.handler:INFO:Capturing response: https://snapi.emso.asia/api/v1/page_invitations 200 
2023-10-16 Monday 18:16:04 seleniumwire.handler:INFO:Capturing response: https://snapi.emso.asia/api/v1/friendship_requests?limit=1 200 
2023-10-16 Monday 18:16:04 seleniumwire.handler:INFO:Capturing request: https://sn.emso.vn/static/js/2.c9e8e53b.chunk.js
2023-10-16 Monday 18:16:04 seleniumwire.handler:INFO:Capturing request: https://sn.emso.vn/static/js/6.514542a7.chunk.js
2023-10-16 Monday 18:16:04 seleniumwire.handler:INFO:Capturing response: https://sn.emso.vn/static/js/2.c9e8e53b.chunk.js 200 
2023-10-16 Monday 18:16:04 seleniumwire.handler:INFO:Capturing response: https://sn.emso.vn/static/js/6.514542a7.chunk.js 200 
2023-10-16 Monday 18:16:04 seleniumwire.handler:INFO:Capturing response: https://snapi.emso.asia/api/v1/top_projects?limit=2 200 
2023-10-16 Monday 18:16:04 seleniumwire.handler:INFO:Capturing request: https://sn.emso.vn/static/media/moment.93313878.svg
2023-10-16 Monday 18:16:04 seleniumwire.handler:INFO:Capturing request: https://sn.emso.vn/assets/fontawesome/webfonts/fa-light-300.woff2
2023-10-16 Monday 18:16:04 seleniumwire.handler:INFO:Capturing request: https://sn.emso.vn/static/media/ImageVideo.86b29db6.svg
2023-10-16 Monday 18:16:04 seleniumwire.handler:INFO:Capturing response: https://sn.emso.vn/static/media/moment.93313878.svg 200 
2023-10-16 Monday 18:16:04 seleniumwire.handler:INFO:Capturing request: https://snapi.emso.asia/system/media_attachments/files/110/779/389/397/782/017/small/4f317caa21b84325.jpg
2023-10-16 Monday 18:16:04 seleniumwire.handler:INFO:Capturing request: https://snapi.emso.asia/system/media_attachments/files/110/054/802/147/086/625/small/f2662413af65685e.jpg
2023-10-16 Monday 18:16:04 seleniumwire.handler:INFO:Capturing response: https://sn.emso.vn/static/media/ImageVideo.86b29db6.svg 200 
2023-10-16 Monday 18:16:04 seleniumwire.handler:INFO:Capturing request: https://optimizationguide-pa.googleapis.com/v1:GetModels?key=AIzaSyBOti4mM-6x9WDnZIjIeyEU21OpBXqWBgw
2023-10-16 Monday 18:16:04 seleniumwire.handler:INFO:Capturing request: https://snapi.emso.asia/api/v1/timelines/home?exclude_replies=true&limit=3
2023-10-16 Monday 18:16:05 seleniumwire.handler:INFO:Capturing response: https://snapi.emso.asia/system/media_attachments/files/110/779/389/397/782/017/small/4f317caa21b84325.jpg 200 
2023-10-16 Monday 18:16:05 seleniumwire.handler:INFO:Capturing response: https://snapi.emso.asia/system/media_attachments/files/110/054/802/147/086/625/small/f2662413af65685e.jpg 200 
2023-10-16 Monday 18:16:05 seleniumwire.handler:INFO:Capturing response: https://snapi.emso.asia/api/v1/timelines/home?exclude_replies=true&limit=3 200 
2023-10-16 Monday 18:16:05 seleniumwire.handler:INFO:Capturing request: https://snapi.emso.asia/api/v1/timelines/home?exclude_replies=true&limit=3
2023-10-16 Monday 18:16:05 seleniumwire.handler:INFO:Capturing response: https://optimizationguide-pa.googleapis.com/v1:GetModels?key=AIzaSyBOti4mM-6x9WDnZIjIeyEU21OpBXqWBgw 200 
2023-10-16 Monday 18:16:05 seleniumwire.handler:INFO:Capturing response: https://sn.emso.vn/assets/fontawesome/webfonts/fa-light-300.woff2 200 
2023-10-16 Monday 18:16:05 seleniumwire.handler:INFO:Capturing response: https://snapi.emso.asia/api/v1/timelines/home?exclude_replies=true&limit=3 200 
2023-10-16 Monday 18:16:05 seleniumwire.handler:INFO:Capturing request: https://snapi.emso.asia/api/v1/timelines/moment?limit=20
2023-10-16 Monday 18:16:05 seleniumwire.handler:INFO:Capturing request: https://snapi.emso.asia/api/v1/groups?limit=6&tab=featured
2023-10-16 Monday 18:16:05 seleniumwire.handler:INFO:Capturing request: https://snapi.emso.asia/api/v1/friend_suggestions?limit=25
2023-10-16 Monday 18:16:05 seleniumwire.handler:INFO:Capturing request: https://snapi.emso.asia/api/v1/suggestions/page?limit=6
2023-10-16 Monday 18:16:05 seleniumwire.handler:INFO:Capturing request: https://snapi.emso.asia/api/v1/suggestions/course?limit=6
2023-10-16 Monday 18:16:05 seleniumwire.handler:INFO:Capturing response: https://snapi.emso.asia/api/v1/timelines/moment?limit=20 200 
2023-10-16 Monday 18:16:05 seleniumwire.handler:INFO:Capturing response: https://snapi.emso.asia/api/v1/groups?limit=6&tab=featured 200 
2023-10-16 Monday 18:16:05 seleniumwire.handler:INFO:Capturing response: https://snapi.emso.asia/api/v1/suggestions/page?limit=6 200 
2023-10-16 Monday 18:16:05 seleniumwire.handler:INFO:Capturing request: https://snapi.emso.asia/system/media_attachments/files/108/843/070/833/727/315/small/69ac6a771613a9b1.jpg
2023-10-16 Monday 18:16:05 seleniumwire.handler:INFO:Capturing request: https://snapi.emso.asia/system/media_attachments/files/110/834/810/415/355/638/small/fe0843dd807b18c8.jpg
2023-10-16 Monday 18:16:05 seleniumwire.handler:INFO:Capturing request: https://snapi.emso.asia/system/media_attachments/files/108/773/696/530/610/715/small/f913f9813a365327.jpg
2023-10-16 Monday 18:16:05 seleniumwire.handler:INFO:Capturing request: https://sn.emso.vn/static/media/group_cover.08769934.png
2023-10-16 Monday 18:16:05 seleniumwire.handler:INFO:Capturing response: https://snapi.emso.asia/api/v1/suggestions/course?limit=6 200 
2023-10-16 Monday 18:16:05 seleniumwire.handler:INFO:Capturing response: https://sn.emso.vn/static/media/group_cover.08769934.png 200 
2023-10-16 Monday 18:16:05 seleniumwire.handler:INFO:Capturing request: https://www.facebook.com/images/pages/offers/offers_background.png
2023-10-16 Monday 18:16:06 seleniumwire.handler:INFO:Capturing request: https://marketplace.emso.vn/api/v1/product_search?limit=6
2023-10-16 Monday 18:16:06 seleniumwire.handler:INFO:Capturing response: https://snapi.emso.asia/system/media_attachments/files/108/843/070/833/727/315/small/69ac6a771613a9b1.jpg 200 
2023-10-16 Monday 18:16:06 seleniumwire.handler:INFO:Capturing response: https://snapi.emso.asia/system/media_attachments/files/108/773/696/530/610/715/small/f913f9813a365327.jpg 200 
2023-10-16 Monday 18:16:06 seleniumwire.handler:INFO:Capturing response: https://marketplace.emso.vn/api/v1/product_search?limit=6 401 
2023-10-16 Monday 18:16:06 seleniumwire.handler:INFO:Capturing response: https://snapi.emso.asia/api/v1/friend_suggestions?limit=25 200 
2023-10-16 Monday 18:16:06 seleniumwire.handler:INFO:Capturing request: https://optimizationguide-pa.googleapis.com/downloads?name=1679317318&target=OPTIMIZATION_TARGET_LANGUAGE_DETECTION
2023-10-16 Monday 18:16:06 seleniumwire.handler:INFO:Capturing request: https://optimizationguide-pa.googleapis.com/downloads?name=1695051229&target=OPTIMIZATION_TARGET_PAGE_ENTITIES
2023-10-16 Monday 18:16:06 seleniumwire.handler:INFO:Capturing response: https://www.facebook.com/images/pages/offers/offers_background.png 200 
2023-10-16 Monday 18:16:06 seleniumwire.handler:INFO:Capturing response: https://snapi.emso.asia/system/media_attachments/files/110/834/810/415/355/638/small/fe0843dd807b18c8.jpg 200 
2023-10-16 Monday 18:16:06 seleniumwire.handler:INFO:Capturing request: https://snapi.emso.asia/system/media_attachments/files/111/062/366/856/034/557/small/30817e6197490f96.jpg
2023-10-16 Monday 18:16:06 seleniumwire.handler:INFO:Capturing request: https://snapi.emso.asia/system/media_attachments/files/111/062/362/780/443/864/small/90542861fe518ac7.jpg
2023-10-16 Monday 18:16:06 seleniumwire.handler:INFO:Capturing request: https://snapi.emso.asia/system/media_attachments/files/110/122/821/821/762/030/small/91037e71adcbc103.png
2023-10-16 Monday 18:16:06 seleniumwire.handler:INFO:Capturing request: https://snapi.emso.asia/system/media_attachments/files/108/450/941/055/820/245/small/7ee7e942a1333672.png
2023-10-16 Monday 18:16:06 seleniumwire.handler:INFO:Capturing request: https://snapi.emso.asia/system/media_attachments/files/108/666/518/182/637/308/small/1f0e75b012ad4158.jpg
2023-10-16 Monday 18:16:06 seleniumwire.handler:INFO:Capturing request: https://snapi.emso.asia/system/media_attachments/files/111/205/577/743/847/422/small/fcab7a81976955c7.png
2023-10-16 Monday 18:16:06 seleniumwire.handler:INFO:Capturing response: https://snapi.emso.asia/system/media_attachments/files/111/062/362/780/443/864/small/90542861fe518ac7.jpg 200 
2023-10-16 Monday 18:16:06 seleniumwire.handler:INFO:Capturing response: https://snapi.emso.asia/system/media_attachments/files/108/666/518/182/637/308/small/1f0e75b012ad4158.jpg 200 
2023-10-16 Monday 18:16:06 seleniumwire.handler:INFO:Capturing response: https://snapi.emso.asia/system/media_attachments/files/108/450/941/055/820/245/small/7ee7e942a1333672.png 200 
2023-10-16 Monday 18:16:06 seleniumwire.handler:INFO:Capturing response: https://snapi.emso.asia/system/media_attachments/files/111/062/366/856/034/557/small/30817e6197490f96.jpg 200 
2023-10-16 Monday 18:16:06 seleniumwire.handler:INFO:Capturing request: https://snapi.emso.asia/system/media_attachments/files/110/596/936/177/842/392/small/cea4a05c2b5d08c2.jpg
2023-10-16 Monday 18:16:06 seleniumwire.handler:INFO:Capturing response: https://snapi.emso.asia/system/media_attachments/files/110/122/821/821/762/030/small/91037e71adcbc103.png 200 
2023-10-16 Monday 18:16:06 seleniumwire.handler:INFO:Capturing request: https://snapi.emso.asia/system/media_attachments/files/110/790/619/811/752/921/small/a48c925f8d0c4c72.png
2023-10-16 Monday 18:16:06 seleniumwire.handler:INFO:Capturing request: https://snapi.emso.asia/system/media_attachments/files/110/196/384/884/048/126/small/062d769adfa82e8b.jpeg
2023-10-16 Monday 18:16:06 seleniumwire.handler:INFO:Capturing request: https://snapi.emso.asia/system/media_attachments/files/110/778/141/482/526/123/small/f7f7293392918fb2.jpg
2023-10-16 Monday 18:16:06 seleniumwire.handler:INFO:Capturing request: https://snapi.emso.asia/system/media_attachments/files/110/015/095/696/863/624/small/177ee83e7d43d944.png
2023-10-16 Monday 18:16:06 seleniumwire.handler:INFO:Capturing response: https://snapi.emso.asia/system/media_attachments/files/110/778/141/482/526/123/small/f7f7293392918fb2.jpg 200 
2023-10-16 Monday 18:16:07 seleniumwire.handler:INFO:Capturing response: https://snapi.emso.asia/system/media_attachments/files/110/596/936/177/842/392/small/cea4a05c2b5d08c2.jpg 200 
2023-10-16 Monday 18:16:07 seleniumwire.handler:INFO:Capturing response: https://snapi.emso.asia/system/media_attachments/files/110/196/384/884/048/126/small/062d769adfa82e8b.jpeg 200 
2023-10-16 Monday 18:16:07 seleniumwire.handler:INFO:Capturing request: https://snapi.emso.asia/system/media_attachments/files/110/813/345/389/097/812/small/af835c4023fb919f.jpg
2023-10-16 Monday 18:16:07 seleniumwire.handler:INFO:Capturing response: https://snapi.emso.asia/system/media_attachments/files/110/790/619/811/752/921/small/a48c925f8d0c4c72.png 200 
2023-10-16 Monday 18:16:07 seleniumwire.handler:INFO:Capturing request: https://snapi.emso.asia/system/media_attachments/files/109/340/113/570/910/320/small/24f4d4db0ba774df.jpg
2023-10-16 Monday 18:16:07 seleniumwire.handler:INFO:Capturing request: https://snapi.emso.asia/system/media_attachments/files/111/149/522/354/301/408/small/41b35674d1679f28.png
2023-10-16 Monday 18:16:07 seleniumwire.handler:INFO:Capturing response: https://snapi.emso.asia/system/media_attachments/files/110/015/095/696/863/624/small/177ee83e7d43d944.png 200 
2023-10-16 Monday 18:16:07 seleniumwire.handler:INFO:Capturing response: https://snapi.emso.asia/system/media_attachments/files/111/205/577/743/847/422/small/fcab7a81976955c7.png 200 
2023-10-16 Monday 18:16:07 seleniumwire.handler:INFO:Capturing response: https://snapi.emso.asia/system/media_attachments/files/110/813/345/389/097/812/small/af835c4023fb919f.jpg 200 
2023-10-16 Monday 18:16:07 seleniumwire.handler:INFO:Capturing response: https://snapi.emso.asia/system/media_attachments/files/109/340/113/570/910/320/small/24f4d4db0ba774df.jpg 200 
2023-10-16 Monday 18:16:07 seleniumwire.handler:INFO:Capturing response: https://snapi.emso.asia/system/media_attachments/files/111/149/522/354/301/408/small/41b35674d1679f28.png 200 
2023-10-16 Monday 18:16:07 root:INFO:Đăng nhập bằng tài khoản google - Đăng nhập thành công - tài khoản đã có sẵn và đã được đồng bộ
2023-10-16 Monday 18:16:07 root:INFO:True
2023-10-16 Monday 18:16:08 seleniumwire.handler:INFO:Capturing response: https://optimizationguide-pa.googleapis.com/downloads?name=1679317318&target=OPTIMIZATION_TARGET_LANGUAGE_DETECTION 200 
2023-10-16 Monday 18:16:08 seleniumwire.handler:INFO:Capturing request: https://optimizationguide-pa.googleapis.com/downloads?name=1695049414&target=OPTIMIZATION_TARGET_NOTIFICATION_PERMISSION_PREDICTIONS
2023-10-16 Monday 18:16:09 seleniumwire.handler:INFO:Capturing request: https://content-autofill.googleapis.com/v1/pages/ChRDaHJvbWUvMTE4LjAuNTk5My43MBIgCdpk5Xv2zOeFEgUN-QXmixIFDYr4tb4hEl9EpkbUIIg=?alt=proto
2023-10-16 Monday 18:16:09 seleniumwire.handler:INFO:Capturing response: https://content-autofill.googleapis.com/v1/pages/ChRDaHJvbWUvMTE4LjAuNTk5My43MBIgCdpk5Xv2zOeFEgUN-QXmixIFDYr4tb4hEl9EpkbUIIg=?alt=proto 200 
2023-10-16 Monday 18:16:10 seleniumwire.handler:INFO:Capturing request: https://snapi.emso.asia/api/v1/status_activity?page=1&per_page=100&type=emoji&keyword=
2023-10-16 Monday 18:16:10 seleniumwire.handler:INFO:Capturing response: https://snapi.emso.asia/api/v1/status_activity?page=1&per_page=100&type=emoji&keyword= 200 
2023-10-16 Monday 18:16:10 seleniumwire.handler:INFO:Capturing request: https://s3-hn-2.cloud.cmctelecom.vn/sn-web/uploads/status_activity/emoji/tuyet_voi.png
2023-10-16 Monday 18:16:10 seleniumwire.handler:INFO:Capturing request: https://s3-hn-2.cloud.cmctelecom.vn/sn-web/uploads/status_activity/emoji/dang_yeu.png
2023-10-16 Monday 18:16:10 seleniumwire.handler:INFO:Capturing response: https://s3-hn-2.cloud.cmctelecom.vn/sn-web/uploads/status_activity/emoji/tuyet_voi.png 200 OK
2023-10-16 Monday 18:16:10 seleniumwire.handler:INFO:Capturing response: https://s3-hn-2.cloud.cmctelecom.vn/sn-web/uploads/status_activity/emoji/dang_yeu.png 200 OK
2023-10-16 Monday 18:16:10 seleniumwire.handler:INFO:Capturing request: https://s3-hn-2.cloud.cmctelecom.vn/sn-web/uploads/status_activity/emoji/vinh_du.png
2023-10-16 Monday 18:16:10 seleniumwire.handler:INFO:Capturing request: https://s3-hn-2.cloud.cmctelecom.vn/sn-web/uploads/status_activity/emoji/vui_ve_3.png
2023-10-16 Monday 18:16:10 seleniumwire.handler:INFO:Capturing response: https://s3-hn-2.cloud.cmctelecom.vn/sn-web/uploads/status_activity/emoji/vinh_du.png 200 OK
2023-10-16 Monday 18:16:10 seleniumwire.handler:INFO:Capturing response: https://s3-hn-2.cloud.cmctelecom.vn/sn-web/uploads/status_activity/emoji/vui_ve_3.png 200 OK
2023-10-16 Monday 18:16:10 seleniumwire.handler:INFO:Capturing request: https://s3-hn-2.cloud.cmctelecom.vn/sn-web/uploads/status_activity/emoji/vui_nhon.png
2023-10-16 Monday 18:16:10 seleniumwire.handler:INFO:Capturing request: https://s3-hn-2.cloud.cmctelecom.vn/sn-web/uploads/status_activity/emoji/xuc_dong.png
2023-10-16 Monday 18:16:10 seleniumwire.handler:INFO:Capturing response: https://s3-hn-2.cloud.cmctelecom.vn/sn-web/uploads/status_activity/emoji/vui_nhon.png 200 OK
2023-10-16 Monday 18:16:10 seleniumwire.handler:INFO:Capturing response: https://s3-hn-2.cloud.cmctelecom.vn/sn-web/uploads/status_activity/emoji/xuc_dong.png 200 OK
2023-10-16 Monday 18:16:10 seleniumwire.handler:INFO:Capturing request: https://s3-hn-2.cloud.cmctelecom.vn/sn-web/uploads/status_activity/emoji/vo_vong.png
2023-10-16 Monday 18:16:10 seleniumwire.handler:INFO:Capturing request: https://s3-hn-2.cloud.cmctelecom.vn/sn-web/uploads/status_activity/emoji/vo_hinh.png
2023-10-16 Monday 18:16:10 seleniumwire.handler:INFO:Capturing response: https://s3-hn-2.cloud.cmctelecom.vn/sn-web/uploads/status_activity/emoji/vo_hinh.png 200 OK
2023-10-16 Monday 18:16:10 seleniumwire.handler:INFO:Capturing response: https://s3-hn-2.cloud.cmctelecom.vn/sn-web/uploads/status_activity/emoji/vo_vong.png 200 OK
2023-10-16 Monday 18:16:10 seleniumwire.handler:INFO:Capturing request: https://s3-hn-2.cloud.cmctelecom.vn/sn-web/uploads/status_activity/emoji/xau_xa.png
2023-10-16 Monday 18:16:10 seleniumwire.handler:INFO:Capturing request: https://s3-hn-2.cloud.cmctelecom.vn/sn-web/uploads/status_activity/emoji/xinh_dep.png
2023-10-16 Monday 18:16:10 seleniumwire.handler:INFO:Capturing response: https://s3-hn-2.cloud.cmctelecom.vn/sn-web/uploads/status_activity/emoji/xau_xa.png 200 OK
2023-10-16 Monday 18:16:10 seleniumwire.handler:INFO:Capturing response: https://s3-hn-2.cloud.cmctelecom.vn/sn-web/uploads/status_activity/emoji/xinh_dep.png 200 OK
2023-10-16 Monday 18:16:10 seleniumwire.handler:INFO:Capturing request: https://s3-hn-2.cloud.cmctelecom.vn/sn-web/uploads/status_activity/emoji/xau_ho.png
2023-10-16 Monday 18:16:10 seleniumwire.handler:INFO:Capturing request: https://s3-hn-2.cloud.cmctelecom.vn/sn-web/uploads/status_activity/emoji/vui_ve.png
2023-10-16 Monday 18:16:10 seleniumwire.handler:INFO:Capturing response: https://s3-hn-2.cloud.cmctelecom.vn/sn-web/uploads/status_activity/emoji/xau_ho.png 200 OK
2023-10-16 Monday 18:16:10 seleniumwire.handler:INFO:Capturing request: https://content-autofill.googleapis.com/v1/pages/ChRDaHJvbWUvMTE4LjAuNTk5My43MBInCTEZAjO6Yv-YEgUN-QXmixIFDYr4tb4SBQ1DuJ7mIXMEM4Klw2O7?alt=proto
2023-10-16 Monday 18:16:10 seleniumwire.handler:INFO:Capturing request: https://s3-hn-2.cloud.cmctelecom.vn/sn-web/uploads/status_activity/emoji/vo_cam.png
2023-10-16 Monday 18:16:10 seleniumwire.handler:INFO:Capturing response: https://s3-hn-2.cloud.cmctelecom.vn/sn-web/uploads/status_activity/emoji/vui_ve.png 200 OK
2023-10-16 Monday 18:16:10 seleniumwire.handler:INFO:Capturing request: https://s3-hn-2.cloud.cmctelecom.vn/sn-web/uploads/status_activity/emoji/vui_ve2.png
2023-10-16 Monday 18:16:10 seleniumwire.handler:INFO:Capturing response: https://s3-hn-2.cloud.cmctelecom.vn/sn-web/uploads/status_activity/emoji/vo_cam.png 200 OK
2023-10-16 Monday 18:16:10 seleniumwire.handler:INFO:Capturing response: https://s3-hn-2.cloud.cmctelecom.vn/sn-web/uploads/status_activity/emoji/vui_ve2.png 200 OK
2023-10-16 Monday 18:16:10 seleniumwire.handler:INFO:Capturing request: https://snapi.emso.asia/api/v1/status_background
2023-10-16 Monday 18:16:10 seleniumwire.handler:INFO:Capturing request: https://s3-hn-2.cloud.cmctelecom.vn/sn-web/uploads/status_activity/emoji/vo_dung.png
2023-10-16 Monday 18:16:10 seleniumwire.handler:INFO:Capturing response: https://content-autofill.googleapis.com/v1/pages/ChRDaHJvbWUvMTE4LjAuNTk5My43MBInCTEZAjO6Yv-YEgUN-QXmixIFDYr4tb4SBQ1DuJ7mIXMEM4Klw2O7?alt=proto 200 
2023-10-16 Monday 18:16:10 seleniumwire.handler:INFO:Capturing request: https://s3-hn-2.cloud.cmctelecom.vn/sn-web/uploads/status_activity/emoji/xinh_xan.png
2023-10-16 Monday 18:16:10 seleniumwire.handler:INFO:Capturing response: https://s3-hn-2.cloud.cmctelecom.vn/sn-web/uploads/status_activity/emoji/vo_dung.png 200 OK
2023-10-16 Monday 18:16:10 seleniumwire.handler:INFO:Capturing request: https://s3-hn-2.cloud.cmctelecom.vn/sn-web/uploads/status_activity/emoji/thoai_mai.png
2023-10-16 Monday 18:16:10 seleniumwire.handler:INFO:Capturing response: https://s3-hn-2.cloud.cmctelecom.vn/sn-web/uploads/status_activity/emoji/xinh_xan.png 200 OK
2023-10-16 Monday 18:16:10 seleniumwire.handler:INFO:Capturing response: https://s3-hn-2.cloud.cmctelecom.vn/sn-web/uploads/status_activity/emoji/thoai_mai.png 200 OK
2023-10-16 Monday 18:16:10 seleniumwire.handler:INFO:Capturing response: https://snapi.emso.asia/api/v1/status_background 200 
2023-10-16 Monday 18:16:10 seleniumwire.handler:INFO:Capturing request: https://s3-hn-2.cloud.cmctelecom.vn/sn-web/uploads/status_activity/emoji/yeu.png
2023-10-16 Monday 18:16:10 seleniumwire.handler:INFO:Capturing request: https://s3-hn-2.cloud.cmctelecom.vn/sn-web/uploads/status_activity/emoji/yen_long.png
2023-10-16 Monday 18:16:10 seleniumwire.handler:INFO:Capturing response: https://s3-hn-2.cloud.cmctelecom.vn/sn-web/uploads/status_activity/emoji/yeu.png 200 OK
2023-10-16 Monday 18:16:10 seleniumwire.handler:INFO:Capturing response: https://s3-hn-2.cloud.cmctelecom.vn/sn-web/uploads/status_activity/emoji/yen_long.png 200 OK
2023-10-16 Monday 18:16:10 seleniumwire.handler:INFO:Capturing response: https://optimizationguide-pa.googleapis.com/downloads?name=1695049414&target=OPTIMIZATION_TARGET_NOTIFICATION_PERMISSION_PREDICTIONS 200 
2023-10-16 Monday 18:16:10 seleniumwire.handler:INFO:Capturing request: https://s3-hn-2.cloud.cmctelecom.vn/sn-web/uploads/status_activity/emoji/xuong_tinh_than.png
2023-10-16 Monday 18:16:10 seleniumwire.handler:INFO:Capturing request: https://s3-hn-2.cloud.cmctelecom.vn/sn-web/uploads/status_activity/emoji/vi_dai.png
2023-10-16 Monday 18:16:10 seleniumwire.handler:INFO:Capturing response: https://s3-hn-2.cloud.cmctelecom.vn/sn-web/uploads/status_activity/emoji/vi_dai.png 200 OK
2023-10-16 Monday 18:16:10 seleniumwire.handler:INFO:Capturing response: https://s3-hn-2.cloud.cmctelecom.vn/sn-web/uploads/status_activity/emoji/xuong_tinh_than.png 200 OK
2023-10-16 Monday 18:16:10 seleniumwire.handler:INFO:Capturing request: https://s3-hn-2.cloud.cmctelecom.vn/sn-web/uploads/status_activity/emoji/u_dot.png
2023-10-16 Monday 18:16:10 seleniumwire.handler:INFO:Capturing request: https://s3-hn-2.cloud.cmctelecom.vn/sn-web/uploads/status_activity/emoji/tuyet_voi_2.png
2023-10-16 Monday 18:16:10 seleniumwire.handler:INFO:Capturing response: https://s3-hn-2.cloud.cmctelecom.vn/sn-web/uploads/status_activity/emoji/tuyet_voi_2.png 200 OK
2023-10-16 Monday 18:16:10 seleniumwire.handler:INFO:Capturing response: https://s3-hn-2.cloud.cmctelecom.vn/sn-web/uploads/status_activity/emoji/u_dot.png 200 OK
2023-10-16 Monday 18:16:10 seleniumwire.handler:INFO:Capturing request: https://s3-hn-2.cloud.cmctelecom.vn/sn-web/uploads/status_activity/emoji/tuyet_cu_meo.png
2023-10-16 Monday 18:16:10 seleniumwire.handler:INFO:Capturing request: https://s3-hn-2.cloud.cmctelecom.vn/sn-web/uploads/status_activity/emoji/tuyet.png
2023-10-16 Monday 18:16:10 seleniumwire.handler:INFO:Capturing response: https://s3-hn-2.cloud.cmctelecom.vn/sn-web/uploads/status_activity/emoji/tuyet.png 200 OK
2023-10-16 Monday 18:16:10 seleniumwire.handler:INFO:Capturing request: https://s3-hn-2.cloud.cmctelecom.vn/sn-web/uploads/status_activity/emoji/tuoi_moi.png
2023-10-16 Monday 18:16:10 seleniumwire.handler:INFO:Capturing response: https://s3-hn-2.cloud.cmctelecom.vn/sn-web/uploads/status_activity/emoji/tuoi_moi.png 200 OK
2023-10-16 Monday 18:16:10 seleniumwire.handler:INFO:Capturing request: https://s3-hn-2.cloud.cmctelecom.vn/sn-web/uploads/status_activity/emoji/tuc_toi.png
2023-10-16 Monday 18:16:11 seleniumwire.handler:INFO:Capturing response: https://s3-hn-2.cloud.cmctelecom.vn/sn-web/uploads/status_activity/emoji/tuc_toi.png 200 OK
2023-10-16 Monday 18:16:11 seleniumwire.handler:INFO:Capturing response: https://s3-hn-2.cloud.cmctelecom.vn/sn-web/uploads/status_activity/emoji/tuyet_cu_meo.png 200 OK
2023-10-16 Monday 18:16:11 seleniumwire.handler:INFO:Capturing request: https://s3-hn-2.cloud.cmctelecom.vn/sn-web/uploads/status_activity/emoji/tuc_gian.png
2023-10-16 Monday 18:16:11 seleniumwire.handler:INFO:Capturing request: https://s3-hn-2.cloud.cmctelecom.vn/sn-web/uploads/status_activity/emoji/tuc_dien.png
2023-10-16 Monday 18:16:11 seleniumwire.handler:INFO:Capturing response: https://s3-hn-2.cloud.cmctelecom.vn/sn-web/uploads/status_activity/emoji/tuc_gian.png 200 OK
2023-10-16 Monday 18:16:11 seleniumwire.handler:INFO:Capturing request: https://s3-hn-2.cloud.cmctelecom.vn/sn-web/uploads/status_activity/emoji/tu_tin.png
2023-10-16 Monday 18:16:11 seleniumwire.handler:INFO:Capturing request: https://optimizationguide-pa.googleapis.com/downloads?name=1673999601&target=OPTIMIZATION_TARGET_PAGE_VISIBILITY
2023-10-16 Monday 18:16:11 seleniumwire.handler:INFO:Capturing response: https://s3-hn-2.cloud.cmctelecom.vn/sn-web/uploads/status_activity/emoji/tuc_dien.png 200 OK
2023-10-16 Monday 18:16:11 seleniumwire.handler:INFO:Capturing request: https://s3-hn-2.cloud.cmctelecom.vn/sn-web/uploads/status_activity/emoji/tu_hao.png
2023-10-16 Monday 18:16:11 seleniumwire.handler:INFO:Capturing response: https://s3-hn-2.cloud.cmctelecom.vn/sn-web/uploads/status_activity/emoji/tu_hao.png 200 OK
2023-10-16 Monday 18:16:11 seleniumwire.handler:INFO:Capturing response: https://s3-hn-2.cloud.cmctelecom.vn/sn-web/uploads/status_activity/emoji/tu_tin.png 200 OK
2023-10-16 Monday 18:16:11 seleniumwire.handler:INFO:Capturing request: https://s3-hn-2.cloud.cmctelecom.vn/sn-web/uploads/status_activity/emoji/tu_do.png
2023-10-16 Monday 18:16:11 seleniumwire.handler:INFO:Capturing request: https://s3-hn-2.cloud.cmctelecom.vn/sn-web/uploads/status_activity/emoji/trong_vang.png
2023-10-16 Monday 18:16:11 seleniumwire.handler:INFO:Capturing response: https://s3-hn-2.cloud.cmctelecom.vn/sn-web/uploads/status_activity/emoji/trong_vang.png 200 OK
2023-10-16 Monday 18:16:11 seleniumwire.handler:INFO:Capturing request: https://s3-hn-2.cloud.cmctelecom.vn/sn-web/uploads/status_activity/emoji/trong_rong.png
2023-10-16 Monday 18:16:11 seleniumwire.handler:INFO:Capturing response: https://s3-hn-2.cloud.cmctelecom.vn/sn-web/uploads/status_activity/emoji/trong_rong.png 200 OK
2023-10-16 Monday 18:16:11 seleniumwire.handler:INFO:Capturing request: https://s3-hn-2.cloud.cmctelecom.vn/sn-web/uploads/status_activity/emoji/tran_day_sinh_luc.png
2023-10-16 Monday 18:16:11 seleniumwire.handler:INFO:Capturing response: https://s3-hn-2.cloud.cmctelecom.vn/sn-web/uploads/status_activity/emoji/tu_do.png 200 OK
2023-10-16 Monday 18:16:11 seleniumwire.handler:INFO:Capturing response: https://s3-hn-2.cloud.cmctelecom.vn/sn-web/uploads/status_activity/emoji/tran_day_sinh_luc.png 200 OK
2023-10-16 Monday 18:16:11 seleniumwire.handler:INFO:Capturing request: https://s3-hn-2.cloud.cmctelecom.vn/sn-web/uploads/status_activity/emoji/tot.png
2023-10-16 Monday 18:16:11 seleniumwire.handler:INFO:Capturing request: https://s3-hn-2.cloud.cmctelecom.vn/sn-web/uploads/status_activity/emoji/tot_dep.png
2023-10-16 Monday 18:16:11 seleniumwire.handler:INFO:Capturing request: https://s3-hn-2.cloud.cmctelecom.vn/sn-web/uploads/status_activity/emoji/toi_te.png
2023-10-16 Monday 18:16:11 seleniumwire.handler:INFO:Capturing request: https://s3-hn-2.cloud.cmctelecom.vn/sn-web/uploads/status_activity/emoji/toi_te_hon.png
2023-10-16 Monday 18:16:11 seleniumwire.handler:INFO:Capturing request: https://s3-hn-2.cloud.cmctelecom.vn/sn-web/uploads/status_activity/emoji/toi_loi.png
2023-10-16 Monday 18:16:11 seleniumwire.handler:INFO:Capturing response: https://s3-hn-2.cloud.cmctelecom.vn/sn-web/uploads/status_activity/emoji/tot.png 200 OK
2023-10-16 Monday 18:16:11 seleniumwire.handler:INFO:Capturing response: https://s3-hn-2.cloud.cmctelecom.vn/sn-web/uploads/status_activity/emoji/tot_dep.png 200 OK
2023-10-16 Monday 18:16:11 seleniumwire.handler:INFO:Capturing request: https://s3-hn-2.cloud.cmctelecom.vn/sn-web/uploads/status_activity/emoji/toan_ven.png
2023-10-16 Monday 18:16:11 seleniumwire.handler:INFO:Capturing response: https://s3-hn-2.cloud.cmctelecom.vn/sn-web/uploads/status_activity/emoji/toi_te_hon.png 200 OK
2023-10-16 Monday 18:16:11 seleniumwire.handler:INFO:Capturing response: https://s3-hn-2.cloud.cmctelecom.vn/sn-web/uploads/status_activity/emoji/toi_loi.png 200 OK
2023-10-16 Monday 18:16:11 seleniumwire.handler:INFO:Capturing response: https://s3-hn-2.cloud.cmctelecom.vn/sn-web/uploads/status_activity/emoji/toi_te.png 200 OK
2023-10-16 Monday 18:16:11 seleniumwire.handler:INFO:Capturing response: https://s3-hn-2.cloud.cmctelecom.vn/sn-web/uploads/status_activity/emoji/toan_ven.png 200 OK
2023-10-16 Monday 18:16:11 seleniumwire.handler:INFO:Capturing request: https://s3-hn-2.cloud.cmctelecom.vn/sn-web/uploads/status_activity/emoji/to_mo.png
2023-10-16 Monday 18:16:11 seleniumwire.handler:INFO:Capturing request: https://s3-hn-2.cloud.cmctelecom.vn/sn-web/uploads/status_activity/emoji/tinh_quai.png
2023-10-16 Monday 18:16:11 seleniumwire.handler:INFO:Capturing request: https://trial103.easyedu.vn/sites/default/files/styles/large/public/easyschool/upload/2022/04/vui_ve_3.png
2023-10-16 Monday 18:16:11 seleniumwire.handler:INFO:Capturing request: https://s3-hn-2.cloud.cmctelecom.vn/sn-web/uploads/status_activity/emoji/tich_cuc.png
2023-10-16 Monday 18:16:11 seleniumwire.handler:INFO:Capturing request: https://trial103.easyedu.vn/sites/default/files/styles/large/public/easyschool/upload/2022/04/tuyet_voi_2.png
2023-10-16 Monday 18:16:11 seleniumwire.handler:INFO:Capturing request: https://s3-hn-2.cloud.cmctelecom.vn/sn-web/uploads/status_activity/emoji/thu_vi.png
2023-10-16 Monday 18:16:11 seleniumwire.handler:INFO:Capturing response: https://s3-hn-2.cloud.cmctelecom.vn/sn-web/uploads/status_activity/emoji/to_mo.png 200 OK
2023-10-16 Monday 18:16:11 root:INFO:Trang chủ - Cảm xúc/Hoạt động
2023-10-16 Monday 18:16:11 root:INFO:check font-end: đang cảm thấy xúc động 
2023-10-16 Monday 18:16:11 root:INFO:đang  cảm thấy xúc động 
2023-10-16 Monday 18:16:11 root:INFO:False
2023-10-16 Monday 18:16:11 seleniumwire.handler:INFO:Capturing request: https://s3-hn-2.cloud.cmctelecom.vn/sn-web/uploads/status_activity/emoji/thu_gian.png
2023-10-16 Monday 18:16:11 seleniumwire.handler:INFO:Capturing request: https://s3-hn-2.cloud.cmctelecom.vn/sn-web/uploads/status_activity/emoji/thu_thai.png
2023-10-16 Monday 18:16:11 seleniumwire.handler:INFO:Capturing response: https://s3-hn-2.cloud.cmctelecom.vn/sn-web/uploads/status_activity/emoji/tich_cuc.png 200 OK
2023-10-16 Monday 18:16:11 seleniumwire.handler:INFO:Capturing response: https://trial103.easyedu.vn/sites/default/files/styles/large/public/easyschool/upload/2022/04/tuyet_voi_2.png 200 
2023-10-16 Monday 18:16:11 seleniumwire.handler:INFO:Capturing response: https://s3-hn-2.cloud.cmctelecom.vn/sn-web/uploads/status_activity/emoji/tinh_quai.png 200 OK
2023-10-16 Monday 18:16:11 seleniumwire.handler:INFO:Capturing response: https://s3-hn-2.cloud.cmctelecom.vn/sn-web/uploads/status_activity/emoji/thu_vi.png 200 OK
2023-10-16 Monday 18:16:11 seleniumwire.handler:INFO:Capturing request: https://s3-hn-2.cloud.cmctelecom.vn/sn-web/uploads/status_activity/activity/dang_an.png
2023-10-16 Monday 18:16:11 seleniumwire.handler:INFO:Capturing response: https://s3-hn-2.cloud.cmctelecom.vn/sn-web/uploads/status_activity/emoji/thu_thai.png 200 OK
2023-10-16 Monday 18:16:11 seleniumwire.handler:INFO:Capturing response: https://s3-hn-2.cloud.cmctelecom.vn/sn-web/uploads/status_activity/emoji/thu_gian.png 200 OK
2023-10-16 Monday 18:16:11 seleniumwire.handler:INFO:Capturing request: https://s3-hn-2.cloud.cmctelecom.vn/sn-web/uploads/status_activity/emoji/tho_o.png
2023-10-16 Monday 18:16:11 seleniumwire.handler:INFO:Capturing response: https://trial103.easyedu.vn/sites/default/files/styles/large/public/easyschool/upload/2022/04/vui_ve_3.png 200 
2023-10-16 Monday 18:16:11 seleniumwire.handler:INFO:Capturing request: https://s3-hn-2.cloud.cmctelecom.vn/sn-web/uploads/status_activity/emoji/thieu_vang.png
2023-10-16 Monday 18:16:11 seleniumwire.handler:INFO:Capturing response: https://s3-hn-2.cloud.cmctelecom.vn/sn-web/uploads/status_activity/activity/dang_an.png 200 OK
2023-10-16 Monday 18:16:11 seleniumwire.handler:INFO:Capturing request: https://s3-hn-2.cloud.cmctelecom.vn/sn-web/uploads/status_activity/emoji/that_vong.png
2023-10-16 Monday 18:16:11 seleniumwire.handler:INFO:Capturing response: https://s3-hn-2.cloud.cmctelecom.vn/sn-web/uploads/status_activity/emoji/tho_o.png 200 OK
2023-10-16 Monday 18:16:11 seleniumwire.handler:INFO:Capturing request: https://s3-hn-2.cloud.cmctelecom.vn/sn-web/uploads/status_activity/emoji/that_tuyet.png
2023-10-16 Monday 18:16:11 seleniumwire.handler:INFO:Capturing request: https://s3-hn-2.cloud.cmctelecom.vn/sn-web/uploads/status_activity/emoji/that_gioi.png
2023-10-16 Monday 18:16:11 seleniumwire.handler:INFO:Capturing request: https://trial103.easyedu.vn/sites/default/files/styles/large/public/easyschool/upload/2022/04/lo_lang2.png
2023-10-16 Monday 18:16:11 seleniumwire.handler:INFO:Capturing response: https://s3-hn-2.cloud.cmctelecom.vn/sn-web/uploads/status_activity/emoji/thieu_vang.png 200 OK
2023-10-16 Monday 18:16:11 seleniumwire.handler:INFO:Capturing response: https://s3-hn-2.cloud.cmctelecom.vn/sn-web/uploads/status_activity/emoji/that_vong.png 200 OK
2023-10-16 Monday 18:16:11 seleniumwire.handler:INFO:Capturing response: https://trial103.easyedu.vn/sites/default/files/styles/large/public/easyschool/upload/2022/04/lo_lang2.png 200 
2023-10-16 Monday 18:16:11 seleniumwire.handler:INFO:Capturing response: https://s3-hn-2.cloud.cmctelecom.vn/sn-web/uploads/status_activity/emoji/that_gioi.png 200 OK
2023-10-16 Monday 18:16:11 seleniumwire.handler:INFO:Capturing request: https://s3-hn-2.cloud.cmctelecom.vn/sn-web/uploads/status_activity/emoji/thanh_than.png
2023-10-16 Monday 18:16:11 seleniumwire.handler:INFO:Capturing response: https://s3-hn-2.cloud.cmctelecom.vn/sn-web/uploads/status_activity/emoji/that_tuyet.png 200 OK
2023-10-16 Monday 18:16:11 seleniumwire.handler:INFO:Capturing request: https://trial103.easyedu.vn/sites/default/files/styles/large/public/easyschool/upload/2022/04/kiet_suc2.png
2023-10-16 Monday 18:16:11 seleniumwire.handler:INFO:Capturing request: https://s3-hn-2.cloud.cmctelecom.vn/sn-web/uploads/status_activity/emoji/thanh_cong.png
2023-10-16 Monday 18:16:11 seleniumwire.handler:INFO:Capturing response: https://trial103.easyedu.vn/sites/default/files/styles/large/public/easyschool/upload/2022/04/kiet_suc2.png 200 
2023-10-16 Monday 18:16:11 seleniumwire.handler:INFO:Capturing request: https://s3-hn-2.cloud.cmctelecom.vn/sn-web/uploads/status_activity/emoji/tham_tram.png
2023-10-16 Monday 18:16:11 seleniumwire.handler:INFO:Capturing response: https://s3-hn-2.cloud.cmctelecom.vn/sn-web/uploads/status_activity/emoji/thanh_than.png 200 OK
2023-10-16 Monday 18:16:11 seleniumwire.handler:INFO:Capturing request: https://s3-hn-2.cloud.cmctelecom.vn/sn-web/uploads/status_activity/emoji/te_nhat.png
2023-10-16 Monday 18:16:11 seleniumwire.handler:INFO:Capturing response: https://s3-hn-2.cloud.cmctelecom.vn/sn-web/uploads/status_activity/emoji/thanh_cong.png 200 OK
2023-10-16 Monday 18:16:11 seleniumwire.handler:INFO:Capturing request: https://trial103.easyedu.vn/sites/default/files/styles/large/public/easyschool/upload/2022/04/co_don2.png
2023-10-16 Monday 18:16:11 seleniumwire.handler:INFO:Capturing request: https://trial103.easyedu.vn/sites/default/files/styles/large/public/easyschool/upload/2022/04/gian_du_2.png
2023-10-16 Monday 18:16:11 seleniumwire.handler:INFO:Capturing request: https://trial103.easyedu.vn/sites/default/files/styles/large/public/easyschool/upload/2022/04/hai_long_2.png
2023-10-16 Monday 18:16:11 seleniumwire.handler:INFO:Capturing request: https://trial103.easyedu.vn/sites/default/files/styles/large/public/easyschool/upload/2022/04/khoe1.png
2023-10-16 Monday 18:16:11 seleniumwire.handler:INFO:Capturing request: https://trial103.easyedu.vn/sites/default/files/styles/large/public/easyschool/upload/2022/04/u_dot.png
2023-10-16 Monday 18:16:11 seleniumwire.handler:INFO:Capturing request: https://trial103.easyedu.vn/sites/default/files/styles/large/public/easyschool/upload/2022/04/khung_khiep_1.png
2023-10-16 Monday 18:16:11 seleniumwire.handler:INFO:Capturing request: https://trial103.easyedu.vn/sites/default/files/styles/large/public/easyschool/upload/2022/04/an_toan.png
2023-10-16 Monday 18:16:11 seleniumwire.handler:INFO:Capturing request: https://s3-hn-2.cloud.cmctelecom.vn/sn-web/uploads/status_activity/emoji/sung_suong.png
2023-10-16 Monday 18:16:11 seleniumwire.handler:INFO:Capturing request: https://trial103.easyedu.vn/sites/default/files/styles/large/public/easyschool/upload/2022/04/du_dieu_kien.png
2023-10-16 Monday 18:16:11 seleniumwire.handler:INFO:Capturing request: https://trial103.easyedu.vn/sites/default/files/styles/large/public/easyschool/upload/2022/04/om_yeu.png
2023-10-16 Monday 18:16:11 seleniumwire.handler:INFO:Capturing request: https://trial103.easyedu.vn/sites/default/files/styles/large/public/easyschool/upload/2022/04/am_ap.png
2023-10-16 Monday 18:16:11 seleniumwire.handler:INFO:Capturing request: https://trial103.easyedu.vn/sites/default/files/styles/large/public/easyschool/upload/2022/04/day_hy_vong.png
2023-10-16 Monday 18:16:11 seleniumwire.handler:INFO:Capturing request: https://trial103.easyedu.vn/sites/default/files/styles/large/public/easyschool/upload/2022/04/day_du.png
2023-10-16 Monday 18:16:11 seleniumwire.handler:INFO:Capturing request: https://trial103.easyedu.vn/sites/default/files/styles/large/public/easyschool/upload/2022/04/day_nang_luong.png
2023-10-16 Monday 18:16:11 seleniumwire.handler:INFO:Capturing request: https://trial103.easyedu.vn/sites/default/files/styles/large/public/easyschool/upload/2022/04/dac_biet.png
2023-10-16 Monday 18:16:11 seleniumwire.handler:INFO:Capturing request: https://trial103.easyedu.vn/sites/default/files/styles/large/public/easyschool/upload/2022/04/duoc_uu_tien.png
2023-10-16 Monday 18:16:11 seleniumwire.handler:INFO:Capturing request: https://trial103.easyedu.vn/sites/default/files/styles/large/public/easyschool/upload/2022/04/day_cam_hung.png
2023-10-16 Monday 18:16:11 seleniumwire.handler:INFO:Capturing response: https://s3-hn-2.cloud.cmctelecom.vn/sn-web/uploads/status_activity/emoji/tham_tram.png 200 OK
2023-10-16 Monday 18:16:11 seleniumwire.handler:INFO:Capturing request: https://s3-hn-2.cloud.cmctelecom.vn/sn-web/uploads/status_activity/emoji/day_du.png
2023-10-16 Monday 18:16:11 seleniumwire.handler:INFO:Capturing request: https://trial103.easyedu.vn/sites/default/files/styles/large/public/easyschool/upload/2022/04/duoc_yeu.png
2023-10-16 Monday 18:16:11 seleniumwire.handler:INFO:Capturing request: https://trial103.easyedu.vn/sites/default/files/styles/large/public/easyschool/upload/2022/04/duoc_chao_don.png
2023-10-16 Monday 18:16:11 seleniumwire.handler:INFO:Capturing request: https://trial103.easyedu.vn/sites/default/files/styles/large/public/easyschool/upload/2022/04/doi.png
2023-10-16 Monday 18:16:11 seleniumwire.handler:INFO:Capturing request: https://trial103.easyedu.vn/sites/default/files/styles/large/public/easyschool/upload/2022/04/duoc_coi_trong.png
2023-10-16 Monday 18:16:11 seleniumwire.handler:INFO:Capturing request: https://snapi.emso.asia/api/v1/status_activity?page=1&per_page=100&type=emoji&keyword=
2023-10-16 Monday 18:16:11 seleniumwire.handler:INFO:Capturing request: https://trial103.easyedu.vn/sites/default/files/styles/large/public/easyschool/upload/2022/04/dang_yeu.png
2023-10-16 Monday 18:16:11 seleniumwire.handler:INFO:Capturing request: https://trial103.easyedu.vn/sites/default/files/styles/large/public/easyschool/upload/2022/04/duoc_yeu_men.png
2023-10-16 Monday 18:16:11 seleniumwire.handler:INFO:Capturing request: https://trial103.easyedu.vn/sites/default/files/styles/large/public/easyschool/upload/2022/04/dau_nhuc.png
2023-10-16 Monday 18:16:11 seleniumwire.handler:INFO:Capturing request: https://trial103.easyedu.vn/sites/default/files/styles/large/public/easyschool/upload/2022/04/dau_kho.png
2023-10-16 Monday 18:16:11 seleniumwire.handler:INFO:Capturing request: https://trial103.easyedu.vn/sites/default/files/styles/large/public/easyschool/upload/2022/04/dien.png
2023-10-16 Monday 18:16:11 seleniumwire.handler:INFO:Capturing request: https://trial103.easyedu.vn/sites/default/files/styles/large/public/easyschool/upload/2022/04/dau_don.png
2023-10-16 Monday 18:16:11 seleniumwire.handler:INFO:Capturing response: https://trial103.easyedu.vn/sites/default/files/styles/large/public/easyschool/upload/2022/04/co_don2.png 200 
2023-10-16 Monday 18:16:12 seleniumwire.handler:INFO:Capturing response: https://s3-hn-2.cloud.cmctelecom.vn/sn-web/uploads/status_activity/emoji/te_nhat.png 200 OK
2023-10-16 Monday 18:16:12 seleniumwire.handler:INFO:Capturing response: https://trial103.easyedu.vn/sites/default/files/styles/large/public/easyschool/upload/2022/04/u_dot.png 200 
2023-10-16 Monday 18:16:12 seleniumwire.handler:INFO:Capturing request: https://s3-hn-2.cloud.cmctelecom.vn/sn-web/uploads/status_activity/emoji/dau_nhuc.png
2023-10-16 Monday 18:16:12 seleniumwire.handler:INFO:Capturing request: https://s3-hn-2.cloud.cmctelecom.vn/sn-web/uploads/status_activity/emoji/day_cam_hung.png
2023-10-16 Monday 18:16:12 seleniumwire.handler:INFO:Capturing response: https://s3-hn-2.cloud.cmctelecom.vn/sn-web/uploads/status_activity/emoji/sung_suong.png 200 OK
2023-10-16 Monday 18:16:12 seleniumwire.handler:INFO:Capturing response: https://trial103.easyedu.vn/sites/default/files/styles/large/public/easyschool/upload/2022/04/hai_long_2.png 200 
2023-10-16 Monday 18:16:12 seleniumwire.handler:INFO:Capturing response: https://trial103.easyedu.vn/sites/default/files/styles/large/public/easyschool/upload/2022/04/khung_khiep_1.png 200 
2023-10-16 Monday 18:16:12 seleniumwire.handler:INFO:Capturing response: https://trial103.easyedu.vn/sites/default/files/styles/large/public/easyschool/upload/2022/04/khoe1.png 200 
2023-10-16 Monday 18:16:12 seleniumwire.handler:INFO:Capturing response: https://trial103.easyedu.vn/sites/default/files/styles/large/public/easyschool/upload/2022/04/an_toan.png 200 
2023-10-16 Monday 18:16:12 seleniumwire.handler:INFO:Capturing response: https://trial103.easyedu.vn/sites/default/files/styles/large/public/easyschool/upload/2022/04/gian_du_2.png 200 
2023-10-16 Monday 18:16:12 seleniumwire.handler:INFO:Capturing response: https://trial103.easyedu.vn/sites/default/files/styles/large/public/easyschool/upload/2022/04/am_ap.png 200 
2023-10-16 Monday 18:16:12 seleniumwire.handler:INFO:Capturing response: https://trial103.easyedu.vn/sites/default/files/styles/large/public/easyschool/upload/2022/04/om_yeu.png 200 
2023-10-16 Monday 18:16:12 seleniumwire.handler:INFO:Capturing response: https://trial103.easyedu.vn/sites/default/files/styles/large/public/easyschool/upload/2022/04/du_dieu_kien.png 200 
2023-10-16 Monday 18:16:12 seleniumwire.handler:INFO:Capturing response: https://trial103.easyedu.vn/sites/default/files/styles/large/public/easyschool/upload/2022/04/day_hy_vong.png 200 
2023-10-16 Monday 18:16:12 seleniumwire.handler:INFO:Capturing response: https://trial103.easyedu.vn/sites/default/files/styles/large/public/easyschool/upload/2022/04/dac_biet.png 200 
2023-10-16 Monday 18:16:12 seleniumwire.handler:INFO:Capturing response: https://snapi.emso.asia/api/v1/status_activity?page=1&per_page=100&type=emoji&keyword= 200 
2023-10-16 Monday 18:16:12 seleniumwire.handler:INFO:Capturing response: https://trial103.easyedu.vn/sites/default/files/styles/large/public/easyschool/upload/2022/04/duoc_uu_tien.png 200 
2023-10-16 Monday 18:16:12 seleniumwire.handler:INFO:Capturing response: https://trial103.easyedu.vn/sites/default/files/styles/large/public/easyschool/upload/2022/04/day_nang_luong.png 200 
2023-10-16 Monday 18:16:12 seleniumwire.handler:INFO:Capturing response: https://s3-hn-2.cloud.cmctelecom.vn/sn-web/uploads/status_activity/emoji/day_du.png 200 OK
2023-10-16 Monday 18:16:12 seleniumwire.handler:INFO:Capturing response: https://trial103.easyedu.vn/sites/default/files/styles/large/public/easyschool/upload/2022/04/day_cam_hung.png 200 
2023-10-16 Monday 18:16:12 seleniumwire.handler:INFO:Capturing response: https://trial103.easyedu.vn/sites/default/files/styles/large/public/easyschool/upload/2022/04/day_du.png 200 
2023-10-16 Monday 18:16:12 seleniumwire.handler:INFO:Capturing response: https://trial103.easyedu.vn/sites/default/files/styles/large/public/easyschool/upload/2022/04/duoc_yeu.png 200 
2023-10-16 Monday 18:16:12 seleniumwire.handler:INFO:Capturing response: https://trial103.easyedu.vn/sites/default/files/styles/large/public/easyschool/upload/2022/04/duoc_yeu_men.png 200 
2023-10-16 Monday 18:16:12 seleniumwire.handler:INFO:Capturing request: https://s3-hn-2.cloud.cmctelecom.vn/sn-web/uploads/status_activity/emoji/dau_don.png
2023-10-16 Monday 18:16:12 seleniumwire.handler:INFO:Capturing response: https://trial103.easyedu.vn/sites/default/files/styles/large/public/easyschool/upload/2022/04/duoc_chao_don.png 200 
2023-10-16 Monday 18:16:12 seleniumwire.handler:INFO:Capturing request: https://s3-hn-2.cloud.cmctelecom.vn/sn-web/uploads/status_activity/emoji/dau_kho.png
2023-10-16 Monday 18:16:12 seleniumwire.handler:INFO:Capturing response: https://trial103.easyedu.vn/sites/default/files/styles/large/public/easyschool/upload/2022/04/dau_nhuc.png 200 
2023-10-16 Monday 18:16:12 seleniumwire.handler:INFO:Capturing response: https://trial103.easyedu.vn/sites/default/files/styles/large/public/easyschool/upload/2022/04/dien.png 200 
2023-10-16 Monday 18:16:12 seleniumwire.handler:INFO:Capturing response: https://trial103.easyedu.vn/sites/default/files/styles/large/public/easyschool/upload/2022/04/dau_kho.png 200 
2023-10-16 Monday 18:16:12 seleniumwire.handler:INFO:Capturing response: https://trial103.easyedu.vn/sites/default/files/styles/large/public/easyschool/upload/2022/04/doi.png 200 
2023-10-16 Monday 18:16:12 seleniumwire.handler:INFO:Capturing response: https://trial103.easyedu.vn/sites/default/files/styles/large/public/easyschool/upload/2022/04/dang_yeu.png 200 
2023-10-16 Monday 18:16:12 seleniumwire.handler:INFO:Capturing response: https://trial103.easyedu.vn/sites/default/files/styles/large/public/easyschool/upload/2022/04/duoc_coi_trong.png 200 
2023-10-16 Monday 18:16:12 seleniumwire.handler:INFO:Capturing response: https://trial103.easyedu.vn/sites/default/files/styles/large/public/easyschool/upload/2022/04/dau_don.png 200 
2023-10-16 Monday 18:16:12 seleniumwire.handler:INFO:Capturing request: https://s3-hn-2.cloud.cmctelecom.vn/sn-web/uploads/status_activity/emoji/dang_ngu.png
2023-10-16 Monday 18:16:12 seleniumwire.handler:INFO:Capturing response: https://s3-hn-2.cloud.cmctelecom.vn/sn-web/uploads/status_activity/emoji/dau_nhuc.png 200 OK
2023-10-16 Monday 18:16:12 seleniumwire.handler:INFO:Capturing response: https://s3-hn-2.cloud.cmctelecom.vn/sn-web/uploads/status_activity/emoji/day_cam_hung.png 200 OK
2023-10-16 Monday 18:16:12 seleniumwire.handler:INFO:Capturing request: https://content-autofill.googleapis.com/v1/pages/ChRDaHJvbWUvMTE4LjAuNTk5My43MBIgCVM9I_wW-5fjEgUN-QXmixIFDdcAIqohEl9EpkbUIIg=?alt=proto
2023-10-16 Monday 18:16:12 seleniumwire.handler:INFO:Capturing request: https://s3-hn-2.cloud.cmctelecom.vn/sn-web/uploads/status_activity/emoji/dac_biet.png
2023-10-16 Monday 18:16:12 seleniumwire.handler:INFO:Capturing response: https://s3-hn-2.cloud.cmctelecom.vn/sn-web/uploads/status_activity/emoji/dau_don.png 200 OK
2023-10-16 Monday 18:16:12 seleniumwire.handler:INFO:Capturing response: https://s3-hn-2.cloud.cmctelecom.vn/sn-web/uploads/status_activity/emoji/dau_kho.png 200 OK
2023-10-16 Monday 18:16:12 seleniumwire.handler:INFO:Capturing response: https://s3-hn-2.cloud.cmctelecom.vn/sn-web/uploads/status_activity/emoji/dang_ngu.png 200 OK
2023-10-16 Monday 18:16:12 seleniumwire.handler:INFO:Capturing request: https://s3-hn-2.cloud.cmctelecom.vn/sn-web/uploads/status_activity/emoji/con_don2.png
2023-10-16 Monday 18:16:12 seleniumwire.handler:INFO:Capturing response: https://s3-hn-2.cloud.cmctelecom.vn/sn-web/uploads/status_activity/emoji/dac_biet.png 200 OK
2023-10-16 Monday 18:16:12 seleniumwire.handler:INFO:Capturing request: https://s3-hn-2.cloud.cmctelecom.vn/sn-web/uploads/status_activity/emoji/an_toan.png
2023-10-16 Monday 18:16:12 seleniumwire.handler:INFO:Capturing request: https://s3-hn-2.cloud.cmctelecom.vn/sn-web/uploads/status_activity/emoji/am_ap.png
2023-10-16 Monday 18:16:12 seleniumwire.handler:INFO:Capturing response: https://s3-hn-2.cloud.cmctelecom.vn/sn-web/uploads/status_activity/emoji/am_ap.png 200 OK
2023-10-16 Monday 18:16:12 seleniumwire.handler:INFO:Capturing response: https://s3-hn-2.cloud.cmctelecom.vn/sn-web/uploads/status_activity/emoji/an_toan.png 200 OK
2023-10-16 Monday 18:16:12 seleniumwire.handler:INFO:Capturing response: https://content-autofill.googleapis.com/v1/pages/ChRDaHJvbWUvMTE4LjAuNTk5My43MBIgCVM9I_wW-5fjEgUN-QXmixIFDdcAIqohEl9EpkbUIIg=?alt=proto 200 
2023-10-16 Monday 18:16:12 seleniumwire.handler:INFO:Capturing response: https://s3-hn-2.cloud.cmctelecom.vn/sn-web/uploads/status_activity/emoji/con_don2.png 403 Forbidden
2023-10-16 Monday 18:16:12 seleniumwire.handler:INFO:Capturing request: https://snapi.emso.asia/api/v1/status_activity?page=1&per_page=100&type=activity&keyword=
2023-10-16 Monday 18:16:12 seleniumwire.handler:INFO:Capturing response: https://snapi.emso.asia/api/v1/status_activity?page=1&per_page=100&type=activity&keyword= 200 
2023-10-16 Monday 18:16:12 seleniumwire.handler:INFO:Capturing request: https://s3-hn-2.cloud.cmctelecom.vn/sn-web/uploads/status_activity/activity/dang_xem.png
2023-10-16 Monday 18:16:12 seleniumwire.handler:INFO:Capturing request: https://s3-hn-2.cloud.cmctelecom.vn/sn-web/uploads/status_activity/activity/dang_uong.png
2023-10-16 Monday 18:16:12 seleniumwire.handler:INFO:Capturing request: https://s3-hn-2.cloud.cmctelecom.vn/sn-web/uploads/status_activity/activity/dan_tim.png
2023-10-16 Monday 18:16:12 seleniumwire.handler:INFO:Capturing request: https://s3-hn-2.cloud.cmctelecom.vn/sn-web/uploads/status_activity/activity/dang_tham_gia.png
2023-10-16 Monday 18:16:12 seleniumwire.handler:INFO:Capturing request: https://s3-hn-2.cloud.cmctelecom.vn/sn-web/uploads/status_activity/activity/dang_ung_ho.png
2023-10-16 Monday 18:16:12 seleniumwire.handler:INFO:Capturing response: https://s3-hn-2.cloud.cmctelecom.vn/sn-web/uploads/status_activity/activity/dang_uong.png 200 OK
2023-10-16 Monday 18:16:12 seleniumwire.handler:INFO:Capturing request: https://s3-hn-2.cloud.cmctelecom.vn/sn-web/uploads/status_activity/activity/dang_doc.png
2023-10-16 Monday 18:16:12 seleniumwire.handler:INFO:Capturing response: https://s3-hn-2.cloud.cmctelecom.vn/sn-web/uploads/status_activity/activity/dang_ung_ho.png 200 OK
2023-10-16 Monday 18:16:12 seleniumwire.handler:INFO:Capturing request: https://trial103.easyedu.vn/sites/default/files/styles/large/public/easyschool/upload/2022/04/dang_ung_ho.png
2023-10-16 Monday 18:16:12 seleniumwire.handler:INFO:Capturing request: https://s3-hn-2.cloud.cmctelecom.vn/sn-web/uploads/status_activity/activity/dang_nghe.png
2023-10-16 Monday 18:16:12 seleniumwire.handler:INFO:Capturing request: https://trial103.easyedu.vn/sites/default/files/styles/large/public/easyschool/upload/2022/04/dang_doc.png
2023-10-16 Monday 18:16:12 seleniumwire.handler:INFO:Capturing response: https://s3-hn-2.cloud.cmctelecom.vn/sn-web/uploads/status_activity/activity/dang_nghe.png 200 OK
2023-10-16 Monday 18:16:12 seleniumwire.handler:INFO:Capturing request: https://s3-hn-2.cloud.cmctelecom.vn/sn-web/uploads/status_activity/activity/dang_di_toi.png
2023-10-16 Monday 18:16:12 seleniumwire.handler:INFO:Capturing response: https://trial103.easyedu.vn/sites/default/files/styles/large/public/easyschool/upload/2022/04/dang_ung_ho.png 200 
2023-10-16 Monday 18:16:12 seleniumwire.handler:INFO:Capturing response: https://s3-hn-2.cloud.cmctelecom.vn/sn-web/uploads/status_activity/activity/dang_doc.png 200 OK
2023-10-16 Monday 18:16:12 seleniumwire.handler:INFO:Capturing response: https://s3-hn-2.cloud.cmctelecom.vn/sn-web/uploads/status_activity/activity/dan_tim.png 403 Forbidden
2023-10-16 Monday 18:16:12 seleniumwire.handler:INFO:Capturing response: https://s3-hn-2.cloud.cmctelecom.vn/sn-web/uploads/status_activity/activity/dang_xem.png 200 OK
2023-10-16 Monday 18:16:12 seleniumwire.handler:INFO:Capturing response: https://s3-hn-2.cloud.cmctelecom.vn/sn-web/uploads/status_activity/activity/dang_tham_gia.png 200 OK
2023-10-16 Monday 18:16:12 seleniumwire.handler:INFO:Capturing response: https://trial103.easyedu.vn/sites/default/files/styles/large/public/easyschool/upload/2022/04/dang_doc.png 200 
2023-10-16 Monday 18:16:12 seleniumwire.handler:INFO:Capturing response: https://s3-hn-2.cloud.cmctelecom.vn/sn-web/uploads/status_activity/activity/dang_di_toi.png 200 OK
2023-10-16 Monday 18:16:12 seleniumwire.handler:INFO:Capturing request: https://s3-hn-2.cloud.cmctelecom.vn/sn-web/uploads/status_activity/activity/dang_nghi_ve.png
2023-10-16 Monday 18:16:12 seleniumwire.handler:INFO:Capturing request: https://s3-hn-2.cloud.cmctelecom.vn/sn-web/uploads/status_activity/activity/dang_chuc_mung.png
2023-10-16 Monday 18:16:12 seleniumwire.handler:INFO:Capturing response: https://s3-hn-2.cloud.cmctelecom.vn/sn-web/uploads/status_activity/activity/dang_nghi_ve.png 200 OK
2023-10-16 Monday 18:16:12 seleniumwire.handler:INFO:Capturing response: https://s3-hn-2.cloud.cmctelecom.vn/sn-web/uploads/status_activity/activity/dang_chuc_mung.png 200 OK
2023-10-16 Monday 18:16:12 seleniumwire.handler:INFO:Capturing request: https://s3-hn-2.cloud.cmctelecom.vn/sn-web/uploads/status_activity/activity/dang_choi.png
2023-10-16 Monday 18:16:12 seleniumwire.handler:INFO:Capturing response: https://s3-hn-2.cloud.cmctelecom.vn/sn-web/uploads/status_activity/activity/dang_choi.png 200 OK
2023-10-16 Monday 18:16:12 seleniumwire.handler:INFO:Capturing request: https://snapi.emso.asia/api/v2/search?type=pages&q=&limit=3
2023-10-16 Monday 18:16:12 seleniumwire.handler:INFO:Capturing request: https://content-autofill.googleapis.com/v1/pages/ChRDaHJvbWUvMTE4LjAuNTk5My43MBInCW-nG1i1bbhIEgUN-QXmixIFDdcAIqoSBQ1DuJ7mIXMEM4Klw2O7?alt=proto
2023-10-16 Monday 18:16:12 seleniumwire.handler:INFO:Capturing request: https://snapi.emso.asia/api/v1/status_activity/745/list?page=1&per_page=100&keyword=
2023-10-16 Monday 18:16:12 seleniumwire.handler:INFO:Capturing request: https://trial103.easyedu.vn/sites/default/files/styles/large/public/easyschool/upload/2022/04/dang_di_toi.png
2023-10-16 Monday 18:16:13 seleniumwire.handler:INFO:Capturing request: https://trial103.easyedu.vn/sites/default/files/styles/large/public/easyschool/upload/2022/04/dang_an.png
2023-10-16 Monday 18:16:13 seleniumwire.handler:INFO:Capturing response: https://snapi.emso.asia/api/v2/search?type=pages&q=&limit=3 200 
2023-10-16 Monday 18:16:13 seleniumwire.handler:INFO:Capturing response: https://content-autofill.googleapis.com/v1/pages/ChRDaHJvbWUvMTE4LjAuNTk5My43MBInCW-nG1i1bbhIEgUN-QXmixIFDdcAIqoSBQ1DuJ7mIXMEM4Klw2O7?alt=proto 200 
2023-10-16 Monday 18:16:13 seleniumwire.handler:INFO:Capturing response: https://trial103.easyedu.vn/sites/default/files/styles/large/public/easyschool/upload/2022/04/dang_di_toi.png 200 
2023-10-16 Monday 18:16:13 seleniumwire.handler:INFO:Capturing response: https://trial103.easyedu.vn/sites/default/files/styles/large/public/easyschool/upload/2022/04/dang_an.png 200 
2023-10-16 Monday 18:16:13 seleniumwire.handler:INFO:Capturing request: https://trial103.easyedu.vn/sites/default/files/styles/large/public/easyschool/upload/2022/04/dang_tim.png
2023-10-16 Monday 18:16:13 seleniumwire.handler:INFO:Capturing request: https://trial103.easyedu.vn/sites/default/files/styles/large/public/easyschool/upload/2022/04/dang_xem.png
2023-10-16 Monday 18:16:13 seleniumwire.handler:INFO:Capturing request: https://trial103.easyedu.vn/sites/default/files/styles/large/public/easyschool/upload/2022/04/dang_uong.png
2023-10-16 Monday 18:16:13 seleniumwire.handler:INFO:Capturing response: https://trial103.easyedu.vn/sites/default/files/styles/large/public/easyschool/upload/2022/04/dang_xem.png 200 
2023-10-16 Monday 18:16:13 seleniumwire.handler:INFO:Capturing response: https://snapi.emso.asia/api/v1/status_activity/745/list?page=1&per_page=100&keyword= 200 
2023-10-16 Monday 18:16:13 seleniumwire.handler:INFO:Capturing request: https://trial103.easyedu.vn/sites/default/files/styles/large/public/easyschool/upload/2022/04/dang_tham_gia.png
2023-10-16 Monday 18:16:13 seleniumwire.handler:INFO:Capturing request: https://trial103.easyedu.vn/sites/default/files/styles/large/public/easyschool/upload/2022/04/dang_nghi_ve.png
2023-10-16 Monday 18:16:13 seleniumwire.handler:INFO:Capturing response: https://trial103.easyedu.vn/sites/default/files/styles/large/public/easyschool/upload/2022/04/dang_tham_gia.png 200 
2023-10-16 Monday 18:16:13 seleniumwire.handler:INFO:Capturing response: https://trial103.easyedu.vn/sites/default/files/styles/large/public/easyschool/upload/2022/04/dang_tim.png 200 
2023-10-16 Monday 18:16:13 seleniumwire.handler:INFO:Capturing response: https://trial103.easyedu.vn/sites/default/files/styles/large/public/easyschool/upload/2022/04/dang_uong.png 200 
2023-10-16 Monday 18:16:13 seleniumwire.handler:INFO:Capturing response: https://trial103.easyedu.vn/sites/default/files/styles/large/public/easyschool/upload/2022/04/dang_nghi_ve.png 200 
2023-10-16 Monday 18:16:13 seleniumwire.handler:INFO:Capturing request: https://trial103.easyedu.vn/sites/default/files/styles/large/public/easyschool/upload/2022/04/dang_nghe.png
2023-10-16 Monday 18:16:13 seleniumwire.handler:INFO:Capturing request: https://trial103.easyedu.vn/sites/default/files/styles/large/public/easyschool/upload/2022/04/dang_chuc_mung.png
2023-10-16 Monday 18:16:13 seleniumwire.handler:INFO:Capturing request: https://trial103.easyedu.vn/sites/default/files/styles/large/public/easyschool/upload/2022/04/dang_choi.png
2023-10-16 Monday 18:16:13 seleniumwire.handler:INFO:Capturing response: https://trial103.easyedu.vn/sites/default/files/styles/large/public/easyschool/upload/2022/04/dang_nghe.png 200 
2023-10-16 Monday 18:16:13 seleniumwire.handler:INFO:Capturing response: https://trial103.easyedu.vn/sites/default/files/styles/large/public/easyschool/upload/2022/04/dang_chuc_mung.png 200 
2023-10-16 Monday 18:16:13 seleniumwire.handler:INFO:Capturing response: https://trial103.easyedu.vn/sites/default/files/styles/large/public/easyschool/upload/2022/04/dang_choi.png 200 
2023-10-16 Monday 18:16:13 root:INFO:Trang chủ - Cảm xúc/Hoạt động
2023-10-16 Monday 18:16:13 root:INFO:check font-end: đang xem
2023-10-16 Monday 18:16:13 root:INFO:đang xem   đang xem 
2023-10-16 Monday 18:16:13 root:INFO:False
